[0.399s] DEBUG:colcon:Command line arguments: ['/usr/bin/colcon', 'build', '--packages-select', 'nav350_hardware']
[0.399s] DEBUG:colcon:Parsed command line arguments: Namespace(allow_overriding=[], ament_cmake_args=None, base_paths=['.'], build_base='build', catkin_cmake_args=None, catkin_skip_building_tests=False, cmake_args=None, cmake_clean_cache=False, cmake_clean_first=False, cmake_force_configure=False, cmake_target=None, cmake_target_skip_unavailable=False, continue_on_error=False, event_handlers=None, executor='parallel', ignore_user_meta=False, install_base='install', log_base=None, log_level=None, main=<bound method BuildVerb.main of <colcon_core.verb.build.BuildVerb object at 0x7f17385406a0>>, merge_install=False, metas=['./colcon.meta'], packages_above=None, packages_above_and_dependencies=None, packages_above_depth=None, packages_end=None, packages_ignore=None, packages_ignore_regex=None, packages_select=['nav350_hardware'], packages_select_build_failed=False, packages_select_by_dep=None, packages_select_regex=None, packages_select_test_failures=False, packages_skip=None, packages_skip_build_finished=False, packages_skip_by_dep=None, packages_skip_regex=None, packages_skip_test_passed=False, packages_skip_up_to=None, packages_start=None, packages_up_to=None, packages_up_to_regex=None, parallel_workers=4, paths=None, symlink_install=False, test_result_base=None, verb_extension=<colcon_core.verb.build.BuildVerb object at 0x7f17385406a0>, verb_name='build', verb_parser=<colcon_defaults.argument_parser.defaults.DefaultArgumentsDecorator object at 0x7f1738540be0>)
[0.486s] Level 1:colcon.colcon_core.package_discovery:discover_packages(colcon_meta) check parameters
[0.486s] Level 1:colcon.colcon_core.package_discovery:discover_packages(recursive) check parameters
[0.486s] Level 1:colcon.colcon_core.package_discovery:discover_packages(ignore) check parameters
[0.486s] Level 1:colcon.colcon_core.package_discovery:discover_packages(path) check parameters
[0.486s] Level 1:colcon.colcon_core.package_discovery:discover_packages(colcon_meta) discover
[0.486s] Level 1:colcon.colcon_core.package_discovery:discover_packages(recursive) discover
[0.486s] INFO:colcon.colcon_core.package_discovery:Crawling recursively for packages in '/home/studio3s/ROS2WS/Sick-Nav350-ros2'
[0.487s] Level 1:colcon.colcon_core.package_identification:_identify(.) by extensions ['ignore', 'ignore_ament_install']
[0.487s] Level 1:colcon.colcon_core.package_identification:_identify(.) by extension 'ignore'
[0.487s] Level 1:colcon.colcon_core.package_identification:_identify(.) by extension 'ignore_ament_install'
[0.487s] Level 1:colcon.colcon_core.package_identification:_identify(.) by extensions ['colcon_pkg']
[0.487s] Level 1:colcon.colcon_core.package_identification:_identify(.) by extension 'colcon_pkg'
[0.487s] Level 1:colcon.colcon_core.package_identification:_identify(.) by extensions ['colcon_meta']
[0.487s] Level 1:colcon.colcon_core.package_identification:_identify(.) by extension 'colcon_meta'
[0.488s] Level 1:colcon.colcon_core.package_identification:_identify(.) by extensions ['ros']
[0.488s] Level 1:colcon.colcon_core.package_identification:_identify(.) by extension 'ros'
[0.521s] Level 1:colcon.colcon_core.package_identification:_identify(.) by extensions ['cmake', 'python']
[0.521s] Level 1:colcon.colcon_core.package_identification:_identify(.) by extension 'cmake'
[0.521s] Level 1:colcon.colcon_core.package_identification:_identify(.) by extension 'python'
[0.521s] Level 1:colcon.colcon_core.package_identification:_identify(.) by extensions ['python_setup_py']
[0.521s] Level 1:colcon.colcon_core.package_identification:_identify(.) by extension 'python_setup_py'
[0.522s] Level 1:colcon.colcon_core.package_identification:_identify(build) by extensions ['ignore', 'ignore_ament_install']
[0.522s] Level 1:colcon.colcon_core.package_identification:_identify(build) by extension 'ignore'
[0.522s] Level 1:colcon.colcon_core.package_identification:_identify(build) ignored
[0.522s] Level 1:colcon.colcon_core.package_identification:_identify(install) by extensions ['ignore', 'ignore_ament_install']
[0.523s] Level 1:colcon.colcon_core.package_identification:_identify(install) by extension 'ignore'
[0.523s] Level 1:colcon.colcon_core.package_identification:_identify(install) ignored
[0.523s] Level 1:colcon.colcon_core.package_identification:_identify(log) by extensions ['ignore', 'ignore_ament_install']
[0.523s] Level 1:colcon.colcon_core.package_identification:_identify(log) by extension 'ignore'
[0.523s] Level 1:colcon.colcon_core.package_identification:_identify(log) ignored
[0.524s] Level 1:colcon.colcon_core.package_identification:_identify(src) by extensions ['ignore', 'ignore_ament_install']
[0.524s] Level 1:colcon.colcon_core.package_identification:_identify(src) by extension 'ignore'
[0.524s] Level 1:colcon.colcon_core.package_identification:_identify(src) by extension 'ignore_ament_install'
[0.525s] Level 1:colcon.colcon_core.package_identification:_identify(src) by extensions ['colcon_pkg']
[0.525s] Level 1:colcon.colcon_core.package_identification:_identify(src) by extension 'colcon_pkg'
[0.525s] Level 1:colcon.colcon_core.package_identification:_identify(src) by extensions ['colcon_meta']
[0.525s] Level 1:colcon.colcon_core.package_identification:_identify(src) by extension 'colcon_meta'
[0.525s] Level 1:colcon.colcon_core.package_identification:_identify(src) by extensions ['ros']
[0.525s] Level 1:colcon.colcon_core.package_identification:_identify(src) by extension 'ros'
[0.525s] Level 1:colcon.colcon_core.package_identification:_identify(src) by extensions ['cmake', 'python']
[0.526s] Level 1:colcon.colcon_core.package_identification:_identify(src) by extension 'cmake'
[0.526s] Level 1:colcon.colcon_core.package_identification:_identify(src) by extension 'python'
[0.526s] Level 1:colcon.colcon_core.package_identification:_identify(src) by extensions ['python_setup_py']
[0.526s] Level 1:colcon.colcon_core.package_identification:_identify(src) by extension 'python_setup_py'
[0.526s] Level 1:colcon.colcon_core.package_identification:_identify(src/nav350_Hardware) by extensions ['ignore', 'ignore_ament_install']
[0.526s] Level 1:colcon.colcon_core.package_identification:_identify(src/nav350_Hardware) by extension 'ignore'
[0.526s] Level 1:colcon.colcon_core.package_identification:_identify(src/nav350_Hardware) by extension 'ignore_ament_install'
[0.527s] Level 1:colcon.colcon_core.package_identification:_identify(src/nav350_Hardware) by extensions ['colcon_pkg']
[0.527s] Level 1:colcon.colcon_core.package_identification:_identify(src/nav350_Hardware) by extension 'colcon_pkg'
[0.527s] Level 1:colcon.colcon_core.package_identification:_identify(src/nav350_Hardware) by extensions ['colcon_meta']
[0.527s] Level 1:colcon.colcon_core.package_identification:_identify(src/nav350_Hardware) by extension 'colcon_meta'
[0.527s] Level 1:colcon.colcon_core.package_identification:_identify(src/nav350_Hardware) by extensions ['ros']
[0.527s] Level 1:colcon.colcon_core.package_identification:_identify(src/nav350_Hardware) by extension 'ros'
[0.536s] DEBUG:colcon.colcon_core.package_identification:Package 'src/nav350_Hardware' with type 'ros.ament_cmake' and name 'nav350_hardware'
[0.536s] Level 1:colcon.colcon_core.package_discovery:discover_packages(recursive) using defaults
[0.536s] Level 1:colcon.colcon_core.package_discovery:discover_packages(ignore) discover
[0.536s] Level 1:colcon.colcon_core.package_discovery:discover_packages(ignore) using defaults
[0.537s] Level 1:colcon.colcon_core.package_discovery:discover_packages(path) discover
[0.537s] Level 1:colcon.colcon_core.package_discovery:discover_packages(path) using defaults
[0.580s] Level 1:colcon.colcon_core.package_discovery:discover_packages(prefix_path) check parameters
[0.580s] Level 1:colcon.colcon_core.package_discovery:discover_packages(prefix_path) discover
[0.585s] DEBUG:colcon.colcon_installed_package_information.package_discovery:Found 1 installed packages in /home/studio3s/ROS2WS/Sick-Nav350-ros2/install
[0.590s] DEBUG:colcon.colcon_installed_package_information.package_discovery:Found 351 installed packages in /opt/ros/galactic
[0.594s] Level 1:colcon.colcon_core.package_discovery:discover_packages(prefix_path) using defaults
[0.873s] Level 5:colcon.colcon_core.verb:set package 'nav350_hardware' build argument 'cmake_args' from command line to 'None'
[0.873s] Level 5:colcon.colcon_core.verb:set package 'nav350_hardware' build argument 'cmake_target' from command line to 'None'
[0.873s] Level 5:colcon.colcon_core.verb:set package 'nav350_hardware' build argument 'cmake_target_skip_unavailable' from command line to 'False'
[0.873s] Level 5:colcon.colcon_core.verb:set package 'nav350_hardware' build argument 'cmake_clean_cache' from command line to 'False'
[0.873s] Level 5:colcon.colcon_core.verb:set package 'nav350_hardware' build argument 'cmake_clean_first' from command line to 'False'
[0.873s] Level 5:colcon.colcon_core.verb:set package 'nav350_hardware' build argument 'cmake_force_configure' from command line to 'False'
[0.873s] Level 5:colcon.colcon_core.verb:set package 'nav350_hardware' build argument 'ament_cmake_args' from command line to 'None'
[0.873s] Level 5:colcon.colcon_core.verb:set package 'nav350_hardware' build argument 'catkin_cmake_args' from command line to 'None'
[0.873s] Level 5:colcon.colcon_core.verb:set package 'nav350_hardware' build argument 'catkin_skip_building_tests' from command line to 'False'
[0.873s] DEBUG:colcon.colcon_core.verb:Building package 'nav350_hardware' with the following arguments: {'ament_cmake_args': None, 'build_base': '/home/studio3s/ROS2WS/Sick-Nav350-ros2/build/nav350_hardware', 'catkin_cmake_args': None, 'catkin_skip_building_tests': False, 'cmake_args': None, 'cmake_clean_cache': False, 'cmake_clean_first': False, 'cmake_force_configure': False, 'cmake_target': None, 'cmake_target_skip_unavailable': False, 'install_base': '/home/studio3s/ROS2WS/Sick-Nav350-ros2/install/nav350_hardware', 'merge_install': False, 'path': '/home/studio3s/ROS2WS/Sick-Nav350-ros2/src/nav350_Hardware', 'symlink_install': False, 'test_result_base': None}
[0.874s] INFO:colcon.colcon_core.executor:Executing jobs using 'parallel' executor
[0.879s] DEBUG:colcon.colcon_parallel_executor.executor.parallel:run_until_complete
[0.879s] INFO:colcon.colcon_ros.task.ament_cmake.build:Building ROS package in '/home/studio3s/ROS2WS/Sick-Nav350-ros2/src/nav350_Hardware' with build type 'ament_cmake'
[0.879s] INFO:colcon.colcon_cmake.task.cmake.build:Building CMake package in '/home/studio3s/ROS2WS/Sick-Nav350-ros2/src/nav350_Hardware'
[0.897s] INFO:colcon.colcon_core.plugin_system:Skipping extension 'colcon_core.shell.bat': Not used on non-Windows systems
[0.898s] INFO:colcon.colcon_core.shell:Skip shell extension 'powershell' for command environment: Not usable outside of PowerShell
[0.898s] DEBUG:colcon.colcon_core.shell:Skip shell extension 'dsv' for command environment
[0.932s] DEBUG:colcon.colcon_core.event_handler.log_command:Invoking command in '/home/studio3s/ROS2WS/Sick-Nav350-ros2/build/nav350_hardware': CMAKE_PREFIX_PATH=${CMAKE_PREFIX_PATH}:/opt/ros/galactic /usr/bin/cmake --build /home/studio3s/ROS2WS/Sick-Nav350-ros2/build/nav350_hardware -- -j4 -l4
[12.310s] DEBUG:colcon.colcon_core.event_handler.log_command:Invoked command in '/home/studio3s/ROS2WS/Sick-Nav350-ros2/build/nav350_hardware' returned '0': CMAKE_PREFIX_PATH=${CMAKE_PREFIX_PATH}:/opt/ros/galactic /usr/bin/cmake --build /home/studio3s/ROS2WS/Sick-Nav350-ros2/build/nav350_hardware -- -j4 -l4
[12.376s] DEBUG:colcon.colcon_core.event_handler.log_command:Invoking command in '/home/studio3s/ROS2WS/Sick-Nav350-ros2/build/nav350_hardware': CMAKE_PREFIX_PATH=${CMAKE_PREFIX_PATH}:/opt/ros/galactic /usr/bin/cmake --install /home/studio3s/ROS2WS/Sick-Nav350-ros2/build/nav350_hardware
[12.404s] Level 1:colcon.colcon_core.environment:create_environment_scripts_only(nav350_hardware)
[12.406s] DEBUG:colcon.colcon_core.event_handler.log_command:Invoked command in '/home/studio3s/ROS2WS/Sick-Nav350-ros2/build/nav350_hardware' returned '0': CMAKE_PREFIX_PATH=${CMAKE_PREFIX_PATH}:/opt/ros/galactic /usr/bin/cmake --install /home/studio3s/ROS2WS/Sick-Nav350-ros2/build/nav350_hardware
[12.415s] Level 1:colcon.colcon_core.environment:checking '/home/studio3s/ROS2WS/Sick-Nav350-ros2/install/nav350_hardware' for CMake module files
[12.416s] Level 1:colcon.colcon_core.environment:checking '/home/studio3s/ROS2WS/Sick-Nav350-ros2/install/nav350_hardware' for CMake config files
[12.417s] Level 1:colcon.colcon_core.shell:create_environment_hook('nav350_hardware', 'cmake_prefix_path')
[12.417s] INFO:colcon.colcon_core.shell:Creating environment hook '/home/studio3s/ROS2WS/Sick-Nav350-ros2/install/nav350_hardware/share/nav350_hardware/hook/cmake_prefix_path.ps1'
[12.419s] INFO:colcon.colcon_core.shell:Creating environment descriptor '/home/studio3s/ROS2WS/Sick-Nav350-ros2/install/nav350_hardware/share/nav350_hardware/hook/cmake_prefix_path.dsv'
[12.421s] INFO:colcon.colcon_core.shell:Creating environment hook '/home/studio3s/ROS2WS/Sick-Nav350-ros2/install/nav350_hardware/share/nav350_hardware/hook/cmake_prefix_path.sh'
[12.423s] Level 1:colcon.colcon_core.environment:checking '/home/studio3s/ROS2WS/Sick-Nav350-ros2/install/nav350_hardware/lib'
[12.423s] Level 1:colcon.colcon_core.environment:checking '/home/studio3s/ROS2WS/Sick-Nav350-ros2/install/nav350_hardware/bin'
[12.424s] Level 1:colcon.colcon_core.environment:checking '/home/studio3s/ROS2WS/Sick-Nav350-ros2/install/nav350_hardware/lib/pkgconfig/nav350_hardware.pc'
[12.424s] Level 1:colcon.colcon_core.environment:checking '/home/studio3s/ROS2WS/Sick-Nav350-ros2/install/nav350_hardware/lib/python3.8/site-packages'
[12.425s] Level 1:colcon.colcon_core.environment:checking '/home/studio3s/ROS2WS/Sick-Nav350-ros2/install/nav350_hardware/bin'
[12.426s] INFO:colcon.colcon_core.shell:Creating package script '/home/studio3s/ROS2WS/Sick-Nav350-ros2/install/nav350_hardware/share/nav350_hardware/package.ps1'
[12.428s] INFO:colcon.colcon_core.shell:Creating package descriptor '/home/studio3s/ROS2WS/Sick-Nav350-ros2/install/nav350_hardware/share/nav350_hardware/package.dsv'
[12.430s] INFO:colcon.colcon_core.shell:Creating package script '/home/studio3s/ROS2WS/Sick-Nav350-ros2/install/nav350_hardware/share/nav350_hardware/package.sh'
[12.432s] INFO:colcon.colcon_core.shell:Creating package script '/home/studio3s/ROS2WS/Sick-Nav350-ros2/install/nav350_hardware/share/nav350_hardware/package.bash'
[12.434s] INFO:colcon.colcon_core.shell:Creating package script '/home/studio3s/ROS2WS/Sick-Nav350-ros2/install/nav350_hardware/share/nav350_hardware/package.zsh'
[12.435s] Level 1:colcon.colcon_core.environment:create_file_with_runtime_dependencies(/home/studio3s/ROS2WS/Sick-Nav350-ros2/install/nav350_hardware/share/colcon-core/packages/nav350_hardware)
[12.480s] Level 1:colcon.colcon_core.environment:create_environment_scripts_only(nav350_hardware)
[12.482s] Level 1:colcon.colcon_core.environment:checking '/home/studio3s/ROS2WS/Sick-Nav350-ros2/install/nav350_hardware' for CMake module files
[12.482s] Level 1:colcon.colcon_core.environment:checking '/home/studio3s/ROS2WS/Sick-Nav350-ros2/install/nav350_hardware' for CMake config files
[12.483s] Level 1:colcon.colcon_core.shell:create_environment_hook('nav350_hardware', 'cmake_prefix_path')
[12.484s] INFO:colcon.colcon_core.shell:Creating environment hook '/home/studio3s/ROS2WS/Sick-Nav350-ros2/install/nav350_hardware/share/nav350_hardware/hook/cmake_prefix_path.ps1'
[12.484s] INFO:colcon.colcon_core.shell:Creating environment descriptor '/home/studio3s/ROS2WS/Sick-Nav350-ros2/install/nav350_hardware/share/nav350_hardware/hook/cmake_prefix_path.dsv'
[12.485s] INFO:colcon.colcon_core.shell:Creating environment hook '/home/studio3s/ROS2WS/Sick-Nav350-ros2/install/nav350_hardware/share/nav350_hardware/hook/cmake_prefix_path.sh'
[12.486s] Level 1:colcon.colcon_core.environment:checking '/home/studio3s/ROS2WS/Sick-Nav350-ros2/install/nav350_hardware/lib'
[12.486s] Level 1:colcon.colcon_core.environment:checking '/home/studio3s/ROS2WS/Sick-Nav350-ros2/install/nav350_hardware/bin'
[12.486s] Level 1:colcon.colcon_core.environment:checking '/home/studio3s/ROS2WS/Sick-Nav350-ros2/install/nav350_hardware/lib/pkgconfig/nav350_hardware.pc'
[12.486s] Level 1:colcon.colcon_core.environment:checking '/home/studio3s/ROS2WS/Sick-Nav350-ros2/install/nav350_hardware/lib/python3.8/site-packages'
[12.486s] Level 1:colcon.colcon_core.environment:checking '/home/studio3s/ROS2WS/Sick-Nav350-ros2/install/nav350_hardware/bin'
[12.487s] INFO:colcon.colcon_core.shell:Creating package script '/home/studio3s/ROS2WS/Sick-Nav350-ros2/install/nav350_hardware/share/nav350_hardware/package.ps1'
[12.489s] INFO:colcon.colcon_core.shell:Creating package descriptor '/home/studio3s/ROS2WS/Sick-Nav350-ros2/install/nav350_hardware/share/nav350_hardware/package.dsv'
[12.490s] INFO:colcon.colcon_core.shell:Creating package script '/home/studio3s/ROS2WS/Sick-Nav350-ros2/install/nav350_hardware/share/nav350_hardware/package.sh'
[12.491s] INFO:colcon.colcon_core.shell:Creating package script '/home/studio3s/ROS2WS/Sick-Nav350-ros2/install/nav350_hardware/share/nav350_hardware/package.bash'
[12.491s] INFO:colcon.colcon_core.shell:Creating package script '/home/studio3s/ROS2WS/Sick-Nav350-ros2/install/nav350_hardware/share/nav350_hardware/package.zsh'
[12.492s] Level 1:colcon.colcon_core.environment:create_file_with_runtime_dependencies(/home/studio3s/ROS2WS/Sick-Nav350-ros2/install/nav350_hardware/share/colcon-core/packages/nav350_hardware)
[12.492s] DEBUG:colcon.colcon_parallel_executor.executor.parallel:closing loop
[12.492s] DEBUG:colcon.colcon_parallel_executor.executor.parallel:loop closed
[12.493s] DEBUG:colcon.colcon_parallel_executor.executor.parallel:run_until_complete finished with '0'
[12.493s] DEBUG:colcon.colcon_core.event_reactor:joining thread
[12.514s] INFO:colcon.colcon_core.plugin_system:Skipping extension 'colcon_notification.desktop_notification.terminal_notifier': Not used on non-Darwin systems
[12.514s] INFO:colcon.colcon_core.plugin_system:Skipping extension 'colcon_notification.desktop_notification.win32': Not used on non-Windows systems
[12.514s] INFO:colcon.colcon_notification.desktop_notification:Sending desktop notification using 'notify2'
[12.569s] DEBUG:colcon.colcon_core.event_reactor:joined thread
[12.570s] INFO:colcon.colcon_core.shell:Creating prefix script '/home/studio3s/ROS2WS/Sick-Nav350-ros2/install/local_setup.ps1'
[12.572s] INFO:colcon.colcon_core.shell:Creating prefix util module '/home/studio3s/ROS2WS/Sick-Nav350-ros2/install/_local_setup_util_ps1.py'
[12.575s] INFO:colcon.colcon_core.shell:Creating prefix chain script '/home/studio3s/ROS2WS/Sick-Nav350-ros2/install/setup.ps1'
[12.577s] INFO:colcon.colcon_core.shell:Creating prefix script '/home/studio3s/ROS2WS/Sick-Nav350-ros2/install/local_setup.sh'
[12.579s] INFO:colcon.colcon_core.shell:Creating prefix util module '/home/studio3s/ROS2WS/Sick-Nav350-ros2/install/_local_setup_util_sh.py'
[12.580s] INFO:colcon.colcon_core.shell:Creating prefix chain script '/home/studio3s/ROS2WS/Sick-Nav350-ros2/install/setup.sh'
[12.582s] INFO:colcon.colcon_core.shell:Creating prefix script '/home/studio3s/ROS2WS/Sick-Nav350-ros2/install/local_setup.bash'
[12.582s] INFO:colcon.colcon_core.shell:Creating prefix chain script '/home/studio3s/ROS2WS/Sick-Nav350-ros2/install/setup.bash'
[12.584s] INFO:colcon.colcon_core.shell:Creating prefix script '/home/studio3s/ROS2WS/Sick-Nav350-ros2/install/local_setup.zsh'
[12.585s] INFO:colcon.colcon_core.shell:Creating prefix chain script '/home/studio3s/ROS2WS/Sick-Nav350-ros2/install/setup.zsh'
