[0.040s] Invoking command in '/home/studio3s/ROS2WS/Sick-Nav350-ros2/build/nav350_hardware': CMAKE_PREFIX_PATH=${CMAKE_PREFIX_PATH}:/opt/ros/galactic /usr/bin/cmake --build /home/studio3s/ROS2WS/Sick-Nav350-ros2/build/nav350_hardware -- -j4 -l4
[0.396s] [ 66%] Built target nav350_hardware_lib
[0.418s] [35m[1mScanning dependencies of target nav350_Hardware[0m
[0.487s] [ 83%] [32mBuilding CXX object CMakeFiles/nav350_Hardware.dir/src/nav350_Hardware.cpp.o[0m
[10.116s] [100%] [32m[1mLinking CXX executable nav350_Hardware[0m
[10.658s] [100%] Built target nav350_Hardware
[10.678s] Invoked command in '/home/studio3s/ROS2WS/Sick-Nav350-ros2/build/nav350_hardware' returned '0': CMAKE_PREFIX_PATH=${CMAKE_PREFIX_PATH}:/opt/ros/galactic /usr/bin/cmake --build /home/studio3s/ROS2WS/Sick-Nav350-ros2/build/nav350_hardware -- -j4 -l4
[10.735s] Invoking command in '/home/studio3s/ROS2WS/Sick-Nav350-ros2/build/nav350_hardware': CMAKE_PREFIX_PATH=${CMAKE_PREFIX_PATH}:/opt/ros/galactic /usr/bin/cmake --install /home/studio3s/ROS2WS/Sick-Nav350-ros2/build/nav350_hardware
[10.753s] -- Install configuration: ""
[10.753s] -- Up-to-date: /home/studio3s/ROS2WS/Sick-Nav350-ros2/install/nav350_hardware/share/nav350_hardware/src
[10.753s] -- Up-to-date: /home/studio3s/ROS2WS/Sick-Nav350-ros2/install/nav350_hardware/share/nav350_hardware/src/drivers
[10.753s] -- Up-to-date: /home/studio3s/ROS2WS/Sick-Nav350-ros2/install/nav350_hardware/share/nav350_hardware/src/drivers/nav350
[10.753s] -- Up-to-date: /home/studio3s/ROS2WS/Sick-Nav350-ros2/install/nav350_hardware/share/nav350_hardware/src/drivers/nav350/sicknav350
[10.754s] -- Up-to-date: /home/studio3s/ROS2WS/Sick-Nav350-ros2/install/nav350_hardware/share/nav350_hardware/src/drivers/nav350/sicknav350/SickNAV350BufferMonitor.cc
[10.754s] -- Up-to-date: /home/studio3s/ROS2WS/Sick-Nav350-ros2/install/nav350_hardware/share/nav350_hardware/src/drivers/nav350/sicknav350/SickNAV350.cc
[10.754s] -- Up-to-date: /home/studio3s/ROS2WS/Sick-Nav350-ros2/install/nav350_hardware/share/nav350_hardware/src/drivers/nav350/sicknav350/SickNAV350Message.cc
[10.755s] -- Installing: /home/studio3s/ROS2WS/Sick-Nav350-ros2/install/nav350_hardware/share/nav350_hardware/src/nav350_Hardware.cpp
[10.755s] -- Up-to-date: /home/studio3s/ROS2WS/Sick-Nav350-ros2/install/nav350_hardware/share/nav350_hardware/launch
[10.755s] -- Up-to-date: /home/studio3s/ROS2WS/Sick-Nav350-ros2/install/nav350_hardware/share/nav350_hardware/launch/sicknav350.launch.xml
[10.755s] -- Up-to-date: /home/studio3s/ROS2WS/Sick-Nav350-ros2/install/nav350_hardware/share/nav350_hardware/launch/nav350.launch.xml
[10.755s] -- Up-to-date: /home/studio3s/ROS2WS/Sick-Nav350-ros2/install/nav350_hardware/share/nav350_hardware/launch/sicknav350.launch.py
[10.755s] -- Up-to-date: /home/studio3s/ROS2WS/Sick-Nav350-ros2/install/nav350_hardware/share/nav350_hardware/drivers
[10.755s] -- Up-to-date: /home/studio3s/ROS2WS/Sick-Nav350-ros2/install/nav350_hardware/share/nav350_hardware/drivers/nav350
[10.755s] -- Up-to-date: /home/studio3s/ROS2WS/Sick-Nav350-ros2/install/nav350_hardware/share/nav350_hardware/drivers/nav350/sicknav350
[10.756s] -- Up-to-date: /home/studio3s/ROS2WS/Sick-Nav350-ros2/install/nav350_hardware/share/nav350_hardware/drivers/nav350/sicknav350/SickNAV350BufferMonitor.cc
[10.756s] -- Up-to-date: /home/studio3s/ROS2WS/Sick-Nav350-ros2/install/nav350_hardware/share/nav350_hardware/drivers/nav350/sicknav350/SickNAV350.cc
[10.756s] -- Up-to-date: /home/studio3s/ROS2WS/Sick-Nav350-ros2/install/nav350_hardware/share/nav350_hardware/drivers/nav350/sicknav350/SickNAV350Message.cc
[10.756s] -- Installing: /home/studio3s/ROS2WS/Sick-Nav350-ros2/install/nav350_hardware/lib/nav350_hardware/nav350_Hardware
[10.759s] -- Set runtime path of "/home/studio3s/ROS2WS/Sick-Nav350-ros2/install/nav350_hardware/lib/nav350_hardware/nav350_Hardware" to ""
[10.760s] -- Up-to-date: /home/studio3s/ROS2WS/Sick-Nav350-ros2/install/nav350_hardware/share/ament_index/resource_index/package_run_dependencies/nav350_hardware
[10.764s] -- Up-to-date: /home/studio3s/ROS2WS/Sick-Nav350-ros2/install/nav350_hardware/share/ament_index/resource_index/parent_prefix_path/nav350_hardware
[10.765s] -- Up-to-date: /home/studio3s/ROS2WS/Sick-Nav350-ros2/install/nav350_hardware/share/nav350_hardware/environment/ament_prefix_path.sh
[10.765s] -- Up-to-date: /home/studio3s/ROS2WS/Sick-Nav350-ros2/install/nav350_hardware/share/nav350_hardware/environment/ament_prefix_path.dsv
[10.766s] -- Up-to-date: /home/studio3s/ROS2WS/Sick-Nav350-ros2/install/nav350_hardware/share/nav350_hardware/environment/path.sh
[10.766s] -- Up-to-date: /home/studio3s/ROS2WS/Sick-Nav350-ros2/install/nav350_hardware/share/nav350_hardware/environment/path.dsv
[10.766s] -- Up-to-date: /home/studio3s/ROS2WS/Sick-Nav350-ros2/install/nav350_hardware/share/nav350_hardware/local_setup.bash
[10.766s] -- Up-to-date: /home/studio3s/ROS2WS/Sick-Nav350-ros2/install/nav350_hardware/share/nav350_hardware/local_setup.sh
[10.766s] -- Up-to-date: /home/studio3s/ROS2WS/Sick-Nav350-ros2/install/nav350_hardware/share/nav350_hardware/local_setup.zsh
[10.766s] -- Up-to-date: /home/studio3s/ROS2WS/Sick-Nav350-ros2/install/nav350_hardware/share/nav350_hardware/local_setup.dsv
[10.766s] -- Installing: /home/studio3s/ROS2WS/Sick-Nav350-ros2/install/nav350_hardware/share/nav350_hardware/package.dsv
[10.767s] -- Up-to-date: /home/studio3s/ROS2WS/Sick-Nav350-ros2/install/nav350_hardware/share/ament_index/resource_index/packages/nav350_hardware
[10.768s] -- Up-to-date: /home/studio3s/ROS2WS/Sick-Nav350-ros2/install/nav350_hardware/share/nav350_hardware/cmake/ament_cmake_export_dependencies-extras.cmake
[10.768s] -- Up-to-date: /home/studio3s/ROS2WS/Sick-Nav350-ros2/install/nav350_hardware/share/nav350_hardware/cmake/ament_cmake_export_include_directories-extras.cmake
[10.769s] -- Up-to-date: /home/studio3s/ROS2WS/Sick-Nav350-ros2/install/nav350_hardware/share/nav350_hardware/cmake/nav350_hardwareConfig.cmake
[10.769s] -- Up-to-date: /home/studio3s/ROS2WS/Sick-Nav350-ros2/install/nav350_hardware/share/nav350_hardware/cmake/nav350_hardwareConfig-version.cmake
[10.769s] -- Up-to-date: /home/studio3s/ROS2WS/Sick-Nav350-ros2/install/nav350_hardware/share/nav350_hardware/package.xml
[10.772s] Invoked command in '/home/studio3s/ROS2WS/Sick-Nav350-ros2/build/nav350_hardware' returned '0': CMAKE_PREFIX_PATH=${CMAKE_PREFIX_PATH}:/opt/ros/galactic /usr/bin/cmake --install /home/studio3s/ROS2WS/Sick-Nav350-ros2/build/nav350_hardware
