[ 16%] [32mBuilding CXX object CMakeFiles/nav350_hardware_lib.dir/src/drivers/nav350/sicknav350/SickNAV350.cc.o[0m
[ 33%] [32m[1mLinking CXX static library libnav350_hardware_lib.a[0m
[ 66%] Built target nav350_hardware_lib
[35m[1mScanning dependencies of target nav350_Hardware[0m
[ 83%] [32mBuilding CXX object CMakeFiles/nav350_Hardware.dir/src/nav350_Hardware.cpp.o[0m
[100%] [32m[1mLinking CXX executable nav350_Hardware[0m
[100%] Built target nav350_Hardware
-- Install configuration: ""
-- Up-to-date: /home/studio3s/ROS2WS/Sick-Nav350-ros2/install/nav350_hardware/share/nav350_hardware/src
-- Up-to-date: /home/studio3s/ROS2WS/Sick-Nav350-ros2/install/nav350_hardware/share/nav350_hardware/src/drivers
-- Up-to-date: /home/studio3s/ROS2WS/Sick-Nav350-ros2/install/nav350_hardware/share/nav350_hardware/src/drivers/nav350
-- Up-to-date: /home/studio3s/ROS2WS/Sick-Nav350-ros2/install/nav350_hardware/share/nav350_hardware/src/drivers/nav350/sicknav350
-- Up-to-date: /home/studio3s/ROS2WS/Sick-Nav350-ros2/install/nav350_hardware/share/nav350_hardware/src/drivers/nav350/sicknav350/SickNAV350BufferMonitor.cc
-- Up-to-date: /home/studio3s/ROS2WS/Sick-Nav350-ros2/install/nav350_hardware/share/nav350_hardware/src/drivers/nav350/sicknav350/SickNAV350.cc
-- Up-to-date: /home/studio3s/ROS2WS/Sick-Nav350-ros2/install/nav350_hardware/share/nav350_hardware/src/drivers/nav350/sicknav350/SickNAV350Message.cc
-- Up-to-date: /home/studio3s/ROS2WS/Sick-Nav350-ros2/install/nav350_hardware/share/nav350_hardware/src/nav350_Hardware.cpp
-- Up-to-date: /home/studio3s/ROS2WS/Sick-Nav350-ros2/install/nav350_hardware/share/nav350_hardware/launch
-- Up-to-date: /home/studio3s/ROS2WS/Sick-Nav350-ros2/install/nav350_hardware/share/nav350_hardware/launch/sicknav350.launch.xml
-- Up-to-date: /home/studio3s/ROS2WS/Sick-Nav350-ros2/install/nav350_hardware/share/nav350_hardware/launch/nav350.launch.xml
-- Up-to-date: /home/studio3s/ROS2WS/Sick-Nav350-ros2/install/nav350_hardware/share/nav350_hardware/launch/sicknav350.launch.py
-- Up-to-date: /home/studio3s/ROS2WS/Sick-Nav350-ros2/install/nav350_hardware/share/nav350_hardware/drivers
-- Up-to-date: /home/studio3s/ROS2WS/Sick-Nav350-ros2/install/nav350_hardware/share/nav350_hardware/drivers/nav350
-- Up-to-date: /home/studio3s/ROS2WS/Sick-Nav350-ros2/install/nav350_hardware/share/nav350_hardware/drivers/nav350/sicknav350
-- Up-to-date: /home/studio3s/ROS2WS/Sick-Nav350-ros2/install/nav350_hardware/share/nav350_hardware/drivers/nav350/sicknav350/SickNAV350BufferMonitor.cc
-- Up-to-date: /home/studio3s/ROS2WS/Sick-Nav350-ros2/install/nav350_hardware/share/nav350_hardware/drivers/nav350/sicknav350/SickNAV350.cc
-- Up-to-date: /home/studio3s/ROS2WS/Sick-Nav350-ros2/install/nav350_hardware/share/nav350_hardware/drivers/nav350/sicknav350/SickNAV350Message.cc
-- Installing: /home/studio3s/ROS2WS/Sick-Nav350-ros2/install/nav350_hardware/lib/nav350_hardware/nav350_Hardware
-- Set runtime path of "/home/studio3s/ROS2WS/Sick-Nav350-ros2/install/nav350_hardware/lib/nav350_hardware/nav350_Hardware" to ""
-- Up-to-date: /home/studio3s/ROS2WS/Sick-Nav350-ros2/install/nav350_hardware/share/ament_index/resource_index/package_run_dependencies/nav350_hardware
-- Up-to-date: /home/studio3s/ROS2WS/Sick-Nav350-ros2/install/nav350_hardware/share/ament_index/resource_index/parent_prefix_path/nav350_hardware
-- Up-to-date: /home/studio3s/ROS2WS/Sick-Nav350-ros2/install/nav350_hardware/share/nav350_hardware/environment/ament_prefix_path.sh
-- Up-to-date: /home/studio3s/ROS2WS/Sick-Nav350-ros2/install/nav350_hardware/share/nav350_hardware/environment/ament_prefix_path.dsv
-- Up-to-date: /home/studio3s/ROS2WS/Sick-Nav350-ros2/install/nav350_hardware/share/nav350_hardware/environment/path.sh
-- Up-to-date: /home/studio3s/ROS2WS/Sick-Nav350-ros2/install/nav350_hardware/share/nav350_hardware/environment/path.dsv
-- Up-to-date: /home/studio3s/ROS2WS/Sick-Nav350-ros2/install/nav350_hardware/share/nav350_hardware/local_setup.bash
-- Up-to-date: /home/studio3s/ROS2WS/Sick-Nav350-ros2/install/nav350_hardware/share/nav350_hardware/local_setup.sh
-- Up-to-date: /home/studio3s/ROS2WS/Sick-Nav350-ros2/install/nav350_hardware/share/nav350_hardware/local_setup.zsh
-- Up-to-date: /home/studio3s/ROS2WS/Sick-Nav350-ros2/install/nav350_hardware/share/nav350_hardware/local_setup.dsv
-- Installing: /home/studio3s/ROS2WS/Sick-Nav350-ros2/install/nav350_hardware/share/nav350_hardware/package.dsv
-- Up-to-date: /home/studio3s/ROS2WS/Sick-Nav350-ros2/install/nav350_hardware/share/ament_index/resource_index/packages/nav350_hardware
-- Up-to-date: /home/studio3s/ROS2WS/Sick-Nav350-ros2/install/nav350_hardware/share/nav350_hardware/cmake/ament_cmake_export_dependencies-extras.cmake
-- Up-to-date: /home/studio3s/ROS2WS/Sick-Nav350-ros2/install/nav350_hardware/share/nav350_hardware/cmake/ament_cmake_export_include_directories-extras.cmake
-- Up-to-date: /home/studio3s/ROS2WS/Sick-Nav350-ros2/install/nav350_hardware/share/nav350_hardware/cmake/nav350_hardwareConfig.cmake
-- Up-to-date: /home/studio3s/ROS2WS/Sick-Nav350-ros2/install/nav350_hardware/share/nav350_hardware/cmake/nav350_hardwareConfig-version.cmake
-- Up-to-date: /home/studio3s/ROS2WS/Sick-Nav350-ros2/install/nav350_hardware/share/nav350_hardware/package.xml
