[0.307s] DEBUG:colcon:Command line arguments: ['/usr/bin/colcon', 'build', '--packages-select', 'nav350_hardware']
[0.307s] DEBUG:colcon:Parsed command line arguments: Namespace(allow_overriding=[], ament_cmake_args=None, base_paths=['.'], build_base='build', catkin_cmake_args=None, catkin_skip_building_tests=False, cmake_args=None, cmake_clean_cache=False, cmake_clean_first=False, cmake_force_configure=False, cmake_target=None, cmake_target_skip_unavailable=False, continue_on_error=False, event_handlers=None, executor='parallel', ignore_user_meta=False, install_base='install', log_base=None, log_level=None, main=<bound method BuildVerb.main of <colcon_core.verb.build.BuildVerb object at 0x7f3134919850>>, merge_install=False, metas=['./colcon.meta'], packages_above=None, packages_above_and_dependencies=None, packages_above_depth=None, packages_end=None, packages_ignore=None, packages_ignore_regex=None, packages_select=['nav350_hardware'], packages_select_build_failed=False, packages_select_by_dep=None, packages_select_regex=None, packages_select_test_failures=False, packages_skip=None, packages_skip_build_finished=False, packages_skip_by_dep=None, packages_skip_regex=None, packages_skip_test_passed=False, packages_skip_up_to=None, packages_start=None, packages_up_to=None, packages_up_to_regex=None, parallel_workers=4, paths=None, symlink_install=False, test_result_base=None, verb_extension=<colcon_core.verb.build.BuildVerb object at 0x7f3134919850>, verb_name='build', verb_parser=<colcon_defaults.argument_parser.defaults.DefaultArgumentsDecorator object at 0x7f3134919dc0>)
[0.388s] Level 1:colcon.colcon_core.package_discovery:discover_packages(colcon_meta) check parameters
[0.389s] Level 1:colcon.colcon_core.package_discovery:discover_packages(recursive) check parameters
[0.389s] Level 1:colcon.colcon_core.package_discovery:discover_packages(ignore) check parameters
[0.389s] Level 1:colcon.colcon_core.package_discovery:discover_packages(path) check parameters
[0.389s] Level 1:colcon.colcon_core.package_discovery:discover_packages(colcon_meta) discover
[0.389s] Level 1:colcon.colcon_core.package_discovery:discover_packages(recursive) discover
[0.389s] INFO:colcon.colcon_core.package_discovery:Crawling recursively for packages in '/home/studio3s/ROS2WS/Sick-Nav350-ros2'
[0.389s] Level 1:colcon.colcon_core.package_identification:_identify(.) by extensions ['ignore', 'ignore_ament_install']
[0.389s] Level 1:colcon.colcon_core.package_identification:_identify(.) by extension 'ignore'
[0.389s] Level 1:colcon.colcon_core.package_identification:_identify(.) by extension 'ignore_ament_install'
[0.389s] Level 1:colcon.colcon_core.package_identification:_identify(.) by extensions ['colcon_pkg']
[0.390s] Level 1:colcon.colcon_core.package_identification:_identify(.) by extension 'colcon_pkg'
[0.390s] Level 1:colcon.colcon_core.package_identification:_identify(.) by extensions ['colcon_meta']
[0.390s] Level 1:colcon.colcon_core.package_identification:_identify(.) by extension 'colcon_meta'
[0.390s] Level 1:colcon.colcon_core.package_identification:_identify(.) by extensions ['ros']
[0.390s] Level 1:colcon.colcon_core.package_identification:_identify(.) by extension 'ros'
[0.411s] Level 1:colcon.colcon_core.package_identification:_identify(.) by extensions ['cmake', 'python']
[0.411s] Level 1:colcon.colcon_core.package_identification:_identify(.) by extension 'cmake'
[0.411s] Level 1:colcon.colcon_core.package_identification:_identify(.) by extension 'python'
[0.412s] Level 1:colcon.colcon_core.package_identification:_identify(.) by extensions ['python_setup_py']
[0.412s] Level 1:colcon.colcon_core.package_identification:_identify(.) by extension 'python_setup_py'
[0.412s] Level 1:colcon.colcon_core.package_identification:_identify(build) by extensions ['ignore', 'ignore_ament_install']
[0.412s] Level 1:colcon.colcon_core.package_identification:_identify(build) by extension 'ignore'
[0.412s] Level 1:colcon.colcon_core.package_identification:_identify(build) ignored
[0.412s] Level 1:colcon.colcon_core.package_identification:_identify(install) by extensions ['ignore', 'ignore_ament_install']
[0.412s] Level 1:colcon.colcon_core.package_identification:_identify(install) by extension 'ignore'
[0.412s] Level 1:colcon.colcon_core.package_identification:_identify(install) ignored
[0.413s] Level 1:colcon.colcon_core.package_identification:_identify(log) by extensions ['ignore', 'ignore_ament_install']
[0.413s] Level 1:colcon.colcon_core.package_identification:_identify(log) by extension 'ignore'
[0.413s] Level 1:colcon.colcon_core.package_identification:_identify(log) ignored
[0.413s] Level 1:colcon.colcon_core.package_identification:_identify(src) by extensions ['ignore', 'ignore_ament_install']
[0.413s] Level 1:colcon.colcon_core.package_identification:_identify(src) by extension 'ignore'
[0.413s] Level 1:colcon.colcon_core.package_identification:_identify(src) by extension 'ignore_ament_install'
[0.413s] Level 1:colcon.colcon_core.package_identification:_identify(src) by extensions ['colcon_pkg']
[0.413s] Level 1:colcon.colcon_core.package_identification:_identify(src) by extension 'colcon_pkg'
[0.414s] Level 1:colcon.colcon_core.package_identification:_identify(src) by extensions ['colcon_meta']
[0.414s] Level 1:colcon.colcon_core.package_identification:_identify(src) by extension 'colcon_meta'
[0.414s] Level 1:colcon.colcon_core.package_identification:_identify(src) by extensions ['ros']
[0.414s] Level 1:colcon.colcon_core.package_identification:_identify(src) by extension 'ros'
[0.414s] Level 1:colcon.colcon_core.package_identification:_identify(src) by extensions ['cmake', 'python']
[0.414s] Level 1:colcon.colcon_core.package_identification:_identify(src) by extension 'cmake'
[0.414s] Level 1:colcon.colcon_core.package_identification:_identify(src) by extension 'python'
[0.414s] Level 1:colcon.colcon_core.package_identification:_identify(src) by extensions ['python_setup_py']
[0.414s] Level 1:colcon.colcon_core.package_identification:_identify(src) by extension 'python_setup_py'
[0.415s] Level 1:colcon.colcon_core.package_identification:_identify(src/nav350_Hardware) by extensions ['ignore', 'ignore_ament_install']
[0.415s] Level 1:colcon.colcon_core.package_identification:_identify(src/nav350_Hardware) by extension 'ignore'
[0.415s] Level 1:colcon.colcon_core.package_identification:_identify(src/nav350_Hardware) by extension 'ignore_ament_install'
[0.415s] Level 1:colcon.colcon_core.package_identification:_identify(src/nav350_Hardware) by extensions ['colcon_pkg']
[0.416s] Level 1:colcon.colcon_core.package_identification:_identify(src/nav350_Hardware) by extension 'colcon_pkg'
[0.416s] Level 1:colcon.colcon_core.package_identification:_identify(src/nav350_Hardware) by extensions ['colcon_meta']
[0.416s] Level 1:colcon.colcon_core.package_identification:_identify(src/nav350_Hardware) by extension 'colcon_meta'
[0.416s] Level 1:colcon.colcon_core.package_identification:_identify(src/nav350_Hardware) by extensions ['ros']
[0.416s] Level 1:colcon.colcon_core.package_identification:_identify(src/nav350_Hardware) by extension 'ros'
[0.424s] DEBUG:colcon.colcon_core.package_identification:Package 'src/nav350_Hardware' with type 'ros.ament_cmake' and name 'nav350_hardware'
[0.424s] Level 1:colcon.colcon_core.package_discovery:discover_packages(recursive) using defaults
[0.424s] Level 1:colcon.colcon_core.package_discovery:discover_packages(ignore) discover
[0.424s] Level 1:colcon.colcon_core.package_discovery:discover_packages(ignore) using defaults
[0.424s] Level 1:colcon.colcon_core.package_discovery:discover_packages(path) discover
[0.424s] Level 1:colcon.colcon_core.package_discovery:discover_packages(path) using defaults
[0.461s] Level 1:colcon.colcon_core.package_discovery:discover_packages(prefix_path) check parameters
[0.461s] Level 1:colcon.colcon_core.package_discovery:discover_packages(prefix_path) discover
[0.467s] DEBUG:colcon.colcon_installed_package_information.package_discovery:Found 1 installed packages in /home/studio3s/ROS2WS/Sick-Nav350-ros2/install
[0.471s] DEBUG:colcon.colcon_installed_package_information.package_discovery:Found 351 installed packages in /opt/ros/galactic
[0.476s] Level 1:colcon.colcon_core.package_discovery:discover_packages(prefix_path) using defaults
[0.687s] Level 5:colcon.colcon_core.verb:set package 'nav350_hardware' build argument 'cmake_args' from command line to 'None'
[0.687s] Level 5:colcon.colcon_core.verb:set package 'nav350_hardware' build argument 'cmake_target' from command line to 'None'
[0.687s] Level 5:colcon.colcon_core.verb:set package 'nav350_hardware' build argument 'cmake_target_skip_unavailable' from command line to 'False'
[0.687s] Level 5:colcon.colcon_core.verb:set package 'nav350_hardware' build argument 'cmake_clean_cache' from command line to 'False'
[0.687s] Level 5:colcon.colcon_core.verb:set package 'nav350_hardware' build argument 'cmake_clean_first' from command line to 'False'
[0.687s] Level 5:colcon.colcon_core.verb:set package 'nav350_hardware' build argument 'cmake_force_configure' from command line to 'False'
[0.687s] Level 5:colcon.colcon_core.verb:set package 'nav350_hardware' build argument 'ament_cmake_args' from command line to 'None'
[0.687s] Level 5:colcon.colcon_core.verb:set package 'nav350_hardware' build argument 'catkin_cmake_args' from command line to 'None'
[0.687s] Level 5:colcon.colcon_core.verb:set package 'nav350_hardware' build argument 'catkin_skip_building_tests' from command line to 'False'
[0.688s] DEBUG:colcon.colcon_core.verb:Building package 'nav350_hardware' with the following arguments: {'ament_cmake_args': None, 'build_base': '/home/studio3s/ROS2WS/Sick-Nav350-ros2/build/nav350_hardware', 'catkin_cmake_args': None, 'catkin_skip_building_tests': False, 'cmake_args': None, 'cmake_clean_cache': False, 'cmake_clean_first': False, 'cmake_force_configure': False, 'cmake_target': None, 'cmake_target_skip_unavailable': False, 'install_base': '/home/studio3s/ROS2WS/Sick-Nav350-ros2/install/nav350_hardware', 'merge_install': False, 'path': '/home/studio3s/ROS2WS/Sick-Nav350-ros2/src/nav350_Hardware', 'symlink_install': False, 'test_result_base': None}
[0.689s] INFO:colcon.colcon_core.executor:Executing jobs using 'parallel' executor
[0.694s] DEBUG:colcon.colcon_parallel_executor.executor.parallel:run_until_complete
[0.694s] INFO:colcon.colcon_ros.task.ament_cmake.build:Building ROS package in '/home/studio3s/ROS2WS/Sick-Nav350-ros2/src/nav350_Hardware' with build type 'ament_cmake'
[0.695s] INFO:colcon.colcon_cmake.task.cmake.build:Building CMake package in '/home/studio3s/ROS2WS/Sick-Nav350-ros2/src/nav350_Hardware'
[0.705s] INFO:colcon.colcon_core.plugin_system:Skipping extension 'colcon_core.shell.bat': Not used on non-Windows systems
[0.706s] INFO:colcon.colcon_core.shell:Skip shell extension 'powershell' for command environment: Not usable outside of PowerShell
[0.706s] DEBUG:colcon.colcon_core.shell:Skip shell extension 'dsv' for command environment
[0.727s] DEBUG:colcon.colcon_core.event_handler.log_command:Invoking command in '/home/studio3s/ROS2WS/Sick-Nav350-ros2/build/nav350_hardware': CMAKE_PREFIX_PATH=${CMAKE_PREFIX_PATH}:/opt/ros/galactic /usr/bin/cmake --build /home/studio3s/ROS2WS/Sick-Nav350-ros2/build/nav350_hardware -- -j4 -l4
[12.245s] DEBUG:colcon.colcon_core.event_handler.log_command:Invoked command in '/home/studio3s/ROS2WS/Sick-Nav350-ros2/build/nav350_hardware' returned '0': CMAKE_PREFIX_PATH=${CMAKE_PREFIX_PATH}:/opt/ros/galactic /usr/bin/cmake --build /home/studio3s/ROS2WS/Sick-Nav350-ros2/build/nav350_hardware -- -j4 -l4
[12.310s] DEBUG:colcon.colcon_core.event_handler.log_command:Invoking command in '/home/studio3s/ROS2WS/Sick-Nav350-ros2/build/nav350_hardware': CMAKE_PREFIX_PATH=${CMAKE_PREFIX_PATH}:/opt/ros/galactic /usr/bin/cmake --install /home/studio3s/ROS2WS/Sick-Nav350-ros2/build/nav350_hardware
[12.354s] Level 1:colcon.colcon_core.environment:create_environment_scripts_only(nav350_hardware)
[12.355s] DEBUG:colcon.colcon_core.event_handler.log_command:Invoked command in '/home/studio3s/ROS2WS/Sick-Nav350-ros2/build/nav350_hardware' returned '0': CMAKE_PREFIX_PATH=${CMAKE_PREFIX_PATH}:/opt/ros/galactic /usr/bin/cmake --install /home/studio3s/ROS2WS/Sick-Nav350-ros2/build/nav350_hardware
[12.376s] Level 1:colcon.colcon_core.environment:checking '/home/studio3s/ROS2WS/Sick-Nav350-ros2/install/nav350_hardware' for CMake module files
[12.376s] Level 1:colcon.colcon_core.environment:checking '/home/studio3s/ROS2WS/Sick-Nav350-ros2/install/nav350_hardware' for CMake config files
[12.378s] Level 1:colcon.colcon_core.shell:create_environment_hook('nav350_hardware', 'cmake_prefix_path')
[12.379s] INFO:colcon.colcon_core.shell:Creating environment hook '/home/studio3s/ROS2WS/Sick-Nav350-ros2/install/nav350_hardware/share/nav350_hardware/hook/cmake_prefix_path.ps1'
[12.381s] INFO:colcon.colcon_core.shell:Creating environment descriptor '/home/studio3s/ROS2WS/Sick-Nav350-ros2/install/nav350_hardware/share/nav350_hardware/hook/cmake_prefix_path.dsv'
[12.383s] INFO:colcon.colcon_core.shell:Creating environment hook '/home/studio3s/ROS2WS/Sick-Nav350-ros2/install/nav350_hardware/share/nav350_hardware/hook/cmake_prefix_path.sh'
[12.385s] Level 1:colcon.colcon_core.environment:checking '/home/studio3s/ROS2WS/Sick-Nav350-ros2/install/nav350_hardware/lib'
[12.385s] Level 1:colcon.colcon_core.environment:checking '/home/studio3s/ROS2WS/Sick-Nav350-ros2/install/nav350_hardware/bin'
[12.385s] Level 1:colcon.colcon_core.environment:checking '/home/studio3s/ROS2WS/Sick-Nav350-ros2/install/nav350_hardware/lib/pkgconfig/nav350_hardware.pc'
[12.385s] Level 1:colcon.colcon_core.environment:checking '/home/studio3s/ROS2WS/Sick-Nav350-ros2/install/nav350_hardware/lib/python3.8/site-packages'
[12.386s] Level 1:colcon.colcon_core.environment:checking '/home/studio3s/ROS2WS/Sick-Nav350-ros2/install/nav350_hardware/bin'
[12.387s] INFO:colcon.colcon_core.shell:Creating package script '/home/studio3s/ROS2WS/Sick-Nav350-ros2/install/nav350_hardware/share/nav350_hardware/package.ps1'
[12.388s] INFO:colcon.colcon_core.shell:Creating package descriptor '/home/studio3s/ROS2WS/Sick-Nav350-ros2/install/nav350_hardware/share/nav350_hardware/package.dsv'
[12.389s] INFO:colcon.colcon_core.shell:Creating package script '/home/studio3s/ROS2WS/Sick-Nav350-ros2/install/nav350_hardware/share/nav350_hardware/package.sh'
[12.390s] INFO:colcon.colcon_core.shell:Creating package script '/home/studio3s/ROS2WS/Sick-Nav350-ros2/install/nav350_hardware/share/nav350_hardware/package.bash'
[12.392s] INFO:colcon.colcon_core.shell:Creating package script '/home/studio3s/ROS2WS/Sick-Nav350-ros2/install/nav350_hardware/share/nav350_hardware/package.zsh'
[12.393s] Level 1:colcon.colcon_core.environment:create_file_with_runtime_dependencies(/home/studio3s/ROS2WS/Sick-Nav350-ros2/install/nav350_hardware/share/colcon-core/packages/nav350_hardware)
[12.435s] Level 1:colcon.colcon_core.environment:create_environment_scripts_only(nav350_hardware)
[12.436s] Level 1:colcon.colcon_core.environment:checking '/home/studio3s/ROS2WS/Sick-Nav350-ros2/install/nav350_hardware' for CMake module files
[12.437s] Level 1:colcon.colcon_core.environment:checking '/home/studio3s/ROS2WS/Sick-Nav350-ros2/install/nav350_hardware' for CMake config files
[12.438s] Level 1:colcon.colcon_core.shell:create_environment_hook('nav350_hardware', 'cmake_prefix_path')
[12.438s] INFO:colcon.colcon_core.shell:Creating environment hook '/home/studio3s/ROS2WS/Sick-Nav350-ros2/install/nav350_hardware/share/nav350_hardware/hook/cmake_prefix_path.ps1'
[12.439s] INFO:colcon.colcon_core.shell:Creating environment descriptor '/home/studio3s/ROS2WS/Sick-Nav350-ros2/install/nav350_hardware/share/nav350_hardware/hook/cmake_prefix_path.dsv'
[12.439s] INFO:colcon.colcon_core.shell:Creating environment hook '/home/studio3s/ROS2WS/Sick-Nav350-ros2/install/nav350_hardware/share/nav350_hardware/hook/cmake_prefix_path.sh'
[12.441s] Level 1:colcon.colcon_core.environment:checking '/home/studio3s/ROS2WS/Sick-Nav350-ros2/install/nav350_hardware/lib'
[12.441s] Level 1:colcon.colcon_core.environment:checking '/home/studio3s/ROS2WS/Sick-Nav350-ros2/install/nav350_hardware/bin'
[12.441s] Level 1:colcon.colcon_core.environment:checking '/home/studio3s/ROS2WS/Sick-Nav350-ros2/install/nav350_hardware/lib/pkgconfig/nav350_hardware.pc'
[12.442s] Level 1:colcon.colcon_core.environment:checking '/home/studio3s/ROS2WS/Sick-Nav350-ros2/install/nav350_hardware/lib/python3.8/site-packages'
[12.442s] Level 1:colcon.colcon_core.environment:checking '/home/studio3s/ROS2WS/Sick-Nav350-ros2/install/nav350_hardware/bin'
[12.443s] INFO:colcon.colcon_core.shell:Creating package script '/home/studio3s/ROS2WS/Sick-Nav350-ros2/install/nav350_hardware/share/nav350_hardware/package.ps1'
[12.444s] INFO:colcon.colcon_core.shell:Creating package descriptor '/home/studio3s/ROS2WS/Sick-Nav350-ros2/install/nav350_hardware/share/nav350_hardware/package.dsv'
[12.446s] INFO:colcon.colcon_core.shell:Creating package script '/home/studio3s/ROS2WS/Sick-Nav350-ros2/install/nav350_hardware/share/nav350_hardware/package.sh'
[12.447s] INFO:colcon.colcon_core.shell:Creating package script '/home/studio3s/ROS2WS/Sick-Nav350-ros2/install/nav350_hardware/share/nav350_hardware/package.bash'
[12.448s] INFO:colcon.colcon_core.shell:Creating package script '/home/studio3s/ROS2WS/Sick-Nav350-ros2/install/nav350_hardware/share/nav350_hardware/package.zsh'
[12.449s] Level 1:colcon.colcon_core.environment:create_file_with_runtime_dependencies(/home/studio3s/ROS2WS/Sick-Nav350-ros2/install/nav350_hardware/share/colcon-core/packages/nav350_hardware)
[12.451s] DEBUG:colcon.colcon_parallel_executor.executor.parallel:closing loop
[12.451s] DEBUG:colcon.colcon_parallel_executor.executor.parallel:loop closed
[12.452s] DEBUG:colcon.colcon_parallel_executor.executor.parallel:run_until_complete finished with '0'
[12.452s] DEBUG:colcon.colcon_core.event_reactor:joining thread
[12.476s] INFO:colcon.colcon_core.plugin_system:Skipping extension 'colcon_notification.desktop_notification.terminal_notifier': Not used on non-Darwin systems
[12.477s] INFO:colcon.colcon_core.plugin_system:Skipping extension 'colcon_notification.desktop_notification.win32': Not used on non-Windows systems
[12.477s] INFO:colcon.colcon_notification.desktop_notification:Sending desktop notification using 'notify2'
[12.515s] DEBUG:colcon.colcon_core.event_reactor:joined thread
[12.515s] INFO:colcon.colcon_core.shell:Creating prefix script '/home/studio3s/ROS2WS/Sick-Nav350-ros2/install/local_setup.ps1'
[12.517s] INFO:colcon.colcon_core.shell:Creating prefix util module '/home/studio3s/ROS2WS/Sick-Nav350-ros2/install/_local_setup_util_ps1.py'
[12.519s] INFO:colcon.colcon_core.shell:Creating prefix chain script '/home/studio3s/ROS2WS/Sick-Nav350-ros2/install/setup.ps1'
[12.522s] INFO:colcon.colcon_core.shell:Creating prefix script '/home/studio3s/ROS2WS/Sick-Nav350-ros2/install/local_setup.sh'
[12.524s] INFO:colcon.colcon_core.shell:Creating prefix util module '/home/studio3s/ROS2WS/Sick-Nav350-ros2/install/_local_setup_util_sh.py'
[12.525s] INFO:colcon.colcon_core.shell:Creating prefix chain script '/home/studio3s/ROS2WS/Sick-Nav350-ros2/install/setup.sh'
[12.527s] INFO:colcon.colcon_core.shell:Creating prefix script '/home/studio3s/ROS2WS/Sick-Nav350-ros2/install/local_setup.bash'
[12.531s] INFO:colcon.colcon_core.shell:Creating prefix chain script '/home/studio3s/ROS2WS/Sick-Nav350-ros2/install/setup.bash'
[12.536s] INFO:colcon.colcon_core.shell:Creating prefix script '/home/studio3s/ROS2WS/Sick-Nav350-ros2/install/local_setup.zsh'
[12.539s] INFO:colcon.colcon_core.shell:Creating prefix chain script '/home/studio3s/ROS2WS/Sick-Nav350-ros2/install/setup.zsh'
