[0.045s] Invoking command in '/home/studio3s/ROS2WS/Sick-Nav350-ros2/build/nav350_hardware': CMAKE_PREFIX_PATH=${CMAKE_PREFIX_PATH}:/opt/ros/galactic /usr/bin/cmake --build /home/studio3s/ROS2WS/Sick-Nav350-ros2/build/nav350_hardware -- -j4 -l4
[0.269s] [ 66%] Built target nav350_hardware_lib
[0.291s] [35m[1mScanning dependencies of target nav350_Hardware[0m
[0.358s] [ 83%] [32mBuilding CXX object CMakeFiles/nav350_Hardware.dir/src/nav350_Hardware.cpp.o[0m
[13.066s] [100%] [32m[1mLinking CXX executable nav350_Hardware[0m
[13.664s] [100%] Built target nav350_Hardware
[13.691s] Invoked command in '/home/studio3s/ROS2WS/Sick-Nav350-ros2/build/nav350_hardware' returned '0': CMAKE_PREFIX_PATH=${CMAKE_PREFIX_PATH}:/opt/ros/galactic /usr/bin/cmake --build /home/studio3s/ROS2WS/Sick-Nav350-ros2/build/nav350_hardware -- -j4 -l4
[13.773s] Invoking command in '/home/studio3s/ROS2WS/Sick-Nav350-ros2/build/nav350_hardware': CMAKE_PREFIX_PATH=${CMAKE_PREFIX_PATH}:/opt/ros/galactic /usr/bin/cmake --install /home/studio3s/ROS2WS/Sick-Nav350-ros2/build/nav350_hardware
[13.796s] -- Install configuration: ""
[13.797s] -- Up-to-date: /home/studio3s/ROS2WS/Sick-Nav350-ros2/install/nav350_hardware/share/nav350_hardware/src
[13.797s] -- Up-to-date: /home/studio3s/ROS2WS/Sick-Nav350-ros2/install/nav350_hardware/share/nav350_hardware/src/drivers
[13.797s] -- Up-to-date: /home/studio3s/ROS2WS/Sick-Nav350-ros2/install/nav350_hardware/share/nav350_hardware/src/drivers/nav350
[13.797s] -- Up-to-date: /home/studio3s/ROS2WS/Sick-Nav350-ros2/install/nav350_hardware/share/nav350_hardware/src/drivers/nav350/sicknav350
[13.798s] -- Up-to-date: /home/studio3s/ROS2WS/Sick-Nav350-ros2/install/nav350_hardware/share/nav350_hardware/src/drivers/nav350/sicknav350/SickNAV350BufferMonitor.cc
[13.798s] -- Up-to-date: /home/studio3s/ROS2WS/Sick-Nav350-ros2/install/nav350_hardware/share/nav350_hardware/src/drivers/nav350/sicknav350/SickNAV350.cc
[13.798s] -- Up-to-date: /home/studio3s/ROS2WS/Sick-Nav350-ros2/install/nav350_hardware/share/nav350_hardware/src/drivers/nav350/sicknav350/SickNAV350Message.cc
[13.798s] -- Installing: /home/studio3s/ROS2WS/Sick-Nav350-ros2/install/nav350_hardware/share/nav350_hardware/src/nav350_Hardware.cpp
[13.799s] -- Up-to-date: /home/studio3s/ROS2WS/Sick-Nav350-ros2/install/nav350_hardware/share/nav350_hardware/launch
[13.799s] -- Up-to-date: /home/studio3s/ROS2WS/Sick-Nav350-ros2/install/nav350_hardware/share/nav350_hardware/launch/sicknav350.launch.xml
[13.799s] -- Up-to-date: /home/studio3s/ROS2WS/Sick-Nav350-ros2/install/nav350_hardware/share/nav350_hardware/launch/nav350.launch.xml
[13.799s] -- Up-to-date: /home/studio3s/ROS2WS/Sick-Nav350-ros2/install/nav350_hardware/share/nav350_hardware/launch/sicknav350.launch.py
[13.799s] -- Up-to-date: /home/studio3s/ROS2WS/Sick-Nav350-ros2/install/nav350_hardware/share/nav350_hardware/drivers
[13.799s] -- Up-to-date: /home/studio3s/ROS2WS/Sick-Nav350-ros2/install/nav350_hardware/share/nav350_hardware/drivers/nav350
[13.800s] -- Up-to-date: /home/studio3s/ROS2WS/Sick-Nav350-ros2/install/nav350_hardware/share/nav350_hardware/drivers/nav350/sicknav350
[13.800s] -- Up-to-date: /home/studio3s/ROS2WS/Sick-Nav350-ros2/install/nav350_hardware/share/nav350_hardware/drivers/nav350/sicknav350/SickNAV350BufferMonitor.cc
[13.800s] -- Up-to-date: /home/studio3s/ROS2WS/Sick-Nav350-ros2/install/nav350_hardware/share/nav350_hardware/drivers/nav350/sicknav350/SickNAV350.cc
[13.800s] -- Up-to-date: /home/studio3s/ROS2WS/Sick-Nav350-ros2/install/nav350_hardware/share/nav350_hardware/drivers/nav350/sicknav350/SickNAV350Message.cc
[13.800s] -- Installing: /home/studio3s/ROS2WS/Sick-Nav350-ros2/install/nav350_hardware/lib/nav350_hardware/nav350_Hardware
[13.802s] -- Set runtime path of "/home/studio3s/ROS2WS/Sick-Nav350-ros2/install/nav350_hardware/lib/nav350_hardware/nav350_Hardware" to ""
[13.802s] -- Up-to-date: /home/studio3s/ROS2WS/Sick-Nav350-ros2/install/nav350_hardware/share/ament_index/resource_index/package_run_dependencies/nav350_hardware
[13.803s] -- Up-to-date: /home/studio3s/ROS2WS/Sick-Nav350-ros2/install/nav350_hardware/share/ament_index/resource_index/parent_prefix_path/nav350_hardware
[13.803s] -- Up-to-date: /home/studio3s/ROS2WS/Sick-Nav350-ros2/install/nav350_hardware/share/nav350_hardware/environment/ament_prefix_path.sh
[13.803s] -- Up-to-date: /home/studio3s/ROS2WS/Sick-Nav350-ros2/install/nav350_hardware/share/nav350_hardware/environment/ament_prefix_path.dsv
[13.803s] -- Up-to-date: /home/studio3s/ROS2WS/Sick-Nav350-ros2/install/nav350_hardware/share/nav350_hardware/environment/path.sh
[13.803s] -- Up-to-date: /home/studio3s/ROS2WS/Sick-Nav350-ros2/install/nav350_hardware/share/nav350_hardware/environment/path.dsv
[13.804s] -- Up-to-date: /home/studio3s/ROS2WS/Sick-Nav350-ros2/install/nav350_hardware/share/nav350_hardware/local_setup.bash
[13.804s] -- Up-to-date: /home/studio3s/ROS2WS/Sick-Nav350-ros2/install/nav350_hardware/share/nav350_hardware/local_setup.sh
[13.804s] -- Up-to-date: /home/studio3s/ROS2WS/Sick-Nav350-ros2/install/nav350_hardware/share/nav350_hardware/local_setup.zsh
[13.805s] -- Up-to-date: /home/studio3s/ROS2WS/Sick-Nav350-ros2/install/nav350_hardware/share/nav350_hardware/local_setup.dsv
[13.805s] -- Installing: /home/studio3s/ROS2WS/Sick-Nav350-ros2/install/nav350_hardware/share/nav350_hardware/package.dsv
[13.805s] -- Up-to-date: /home/studio3s/ROS2WS/Sick-Nav350-ros2/install/nav350_hardware/share/ament_index/resource_index/packages/nav350_hardware
[13.805s] -- Up-to-date: /home/studio3s/ROS2WS/Sick-Nav350-ros2/install/nav350_hardware/share/nav350_hardware/cmake/ament_cmake_export_dependencies-extras.cmake
[13.806s] -- Up-to-date: /home/studio3s/ROS2WS/Sick-Nav350-ros2/install/nav350_hardware/share/nav350_hardware/cmake/ament_cmake_export_include_directories-extras.cmake
[13.806s] -- Up-to-date: /home/studio3s/ROS2WS/Sick-Nav350-ros2/install/nav350_hardware/share/nav350_hardware/cmake/nav350_hardwareConfig.cmake
[13.807s] -- Up-to-date: /home/studio3s/ROS2WS/Sick-Nav350-ros2/install/nav350_hardware/share/nav350_hardware/cmake/nav350_hardwareConfig-version.cmake
[13.807s] -- Up-to-date: /home/studio3s/ROS2WS/Sick-Nav350-ros2/install/nav350_hardware/share/nav350_hardware/package.xml
[13.811s] Invoked command in '/home/studio3s/ROS2WS/Sick-Nav350-ros2/build/nav350_hardware' returned '0': CMAKE_PREFIX_PATH=${CMAKE_PREFIX_PATH}:/opt/ros/galactic /usr/bin/cmake --install /home/studio3s/ROS2WS/Sick-Nav350-ros2/build/nav350_hardware
