[0.037s] Invoking command in '/home/studio3s/ROS2WS/Sick-Nav350-ros2/build/nav350_hardware': CMAKE_PREFIX_PATH=${CMAKE_PREFIX_PATH}:/opt/ros/galactic /usr/bin/cmake --build /home/studio3s/ROS2WS/Sick-Nav350-ros2/build/nav350_hardware -- -j4 -l4
[0.435s] [ 66%] Built target nav350_hardware_lib
[0.455s] [35m[1mScanning dependencies of target nav350_Hardware[0m
[0.526s] [ 83%] [32mBuilding CXX object CMakeFiles/nav350_Hardware.dir/src/nav350_Hardware.cpp.o[0m
[10.379s] [100%] [32m[1mLinking CXX executable nav350_Hardware[0m
[10.951s] [100%] Built target nav350_Hardware
[10.975s] Invoked command in '/home/studio3s/ROS2WS/Sick-Nav350-ros2/build/nav350_hardware' returned '0': CMAKE_PREFIX_PATH=${CMAKE_PREFIX_PATH}:/opt/ros/galactic /usr/bin/cmake --build /home/studio3s/ROS2WS/Sick-Nav350-ros2/build/nav350_hardware -- -j4 -l4
[11.035s] Invoking command in '/home/studio3s/ROS2WS/Sick-Nav350-ros2/build/nav350_hardware': CMAKE_PREFIX_PATH=${CMAKE_PREFIX_PATH}:/opt/ros/galactic /usr/bin/cmake --install /home/studio3s/ROS2WS/Sick-Nav350-ros2/build/nav350_hardware
[11.048s] -- Install configuration: ""
[11.049s] -- Up-to-date: /home/studio3s/ROS2WS/Sick-Nav350-ros2/install/nav350_hardware/share/nav350_hardware/src
[11.049s] -- Up-to-date: /home/studio3s/ROS2WS/Sick-Nav350-ros2/install/nav350_hardware/share/nav350_hardware/src/drivers
[11.050s] -- Up-to-date: /home/studio3s/ROS2WS/Sick-Nav350-ros2/install/nav350_hardware/share/nav350_hardware/src/drivers/nav350
[11.050s] -- Up-to-date: /home/studio3s/ROS2WS/Sick-Nav350-ros2/install/nav350_hardware/share/nav350_hardware/src/drivers/nav350/sicknav350
[11.051s] -- Up-to-date: /home/studio3s/ROS2WS/Sick-Nav350-ros2/install/nav350_hardware/share/nav350_hardware/src/drivers/nav350/sicknav350/SickNAV350BufferMonitor.cc
[11.051s] -- Up-to-date: /home/studio3s/ROS2WS/Sick-Nav350-ros2/install/nav350_hardware/share/nav350_hardware/src/drivers/nav350/sicknav350/SickNAV350.cc
[11.051s] -- Up-to-date: /home/studio3s/ROS2WS/Sick-Nav350-ros2/install/nav350_hardware/share/nav350_hardware/src/drivers/nav350/sicknav350/SickNAV350Message.cc
[11.051s] -- Installing: /home/studio3s/ROS2WS/Sick-Nav350-ros2/install/nav350_hardware/share/nav350_hardware/src/nav350_Hardware.cpp
[11.051s] -- Up-to-date: /home/studio3s/ROS2WS/Sick-Nav350-ros2/install/nav350_hardware/share/nav350_hardware/launch
[11.052s] -- Up-to-date: /home/studio3s/ROS2WS/Sick-Nav350-ros2/install/nav350_hardware/share/nav350_hardware/launch/sicknav350.launch.xml
[11.052s] -- Up-to-date: /home/studio3s/ROS2WS/Sick-Nav350-ros2/install/nav350_hardware/share/nav350_hardware/launch/nav350.launch.xml
[11.052s] -- Up-to-date: /home/studio3s/ROS2WS/Sick-Nav350-ros2/install/nav350_hardware/share/nav350_hardware/launch/sicknav350.launch.py
[11.052s] -- Up-to-date: /home/studio3s/ROS2WS/Sick-Nav350-ros2/install/nav350_hardware/share/nav350_hardware/drivers
[11.052s] -- Up-to-date: /home/studio3s/ROS2WS/Sick-Nav350-ros2/install/nav350_hardware/share/nav350_hardware/drivers/nav350
[11.053s] -- Up-to-date: /home/studio3s/ROS2WS/Sick-Nav350-ros2/install/nav350_hardware/share/nav350_hardware/drivers/nav350/sicknav350
[11.053s] -- Up-to-date: /home/studio3s/ROS2WS/Sick-Nav350-ros2/install/nav350_hardware/share/nav350_hardware/drivers/nav350/sicknav350/SickNAV350BufferMonitor.cc
[11.053s] -- Up-to-date: /home/studio3s/ROS2WS/Sick-Nav350-ros2/install/nav350_hardware/share/nav350_hardware/drivers/nav350/sicknav350/SickNAV350.cc
[11.053s] -- Up-to-date: /home/studio3s/ROS2WS/Sick-Nav350-ros2/install/nav350_hardware/share/nav350_hardware/drivers/nav350/sicknav350/SickNAV350Message.cc
[11.054s] -- Installing: /home/studio3s/ROS2WS/Sick-Nav350-ros2/install/nav350_hardware/lib/nav350_hardware/nav350_Hardware
[11.059s] -- Set runtime path of "/home/studio3s/ROS2WS/Sick-Nav350-ros2/install/nav350_hardware/lib/nav350_hardware/nav350_Hardware" to ""
[11.061s] -- Up-to-date: /home/studio3s/ROS2WS/Sick-Nav350-ros2/install/nav350_hardware/share/ament_index/resource_index/package_run_dependencies/nav350_hardware
[11.064s] -- Up-to-date: /home/studio3s/ROS2WS/Sick-Nav350-ros2/install/nav350_hardware/share/ament_index/resource_index/parent_prefix_path/nav350_hardware
[11.066s] -- Up-to-date: /home/studio3s/ROS2WS/Sick-Nav350-ros2/install/nav350_hardware/share/nav350_hardware/environment/ament_prefix_path.sh
[11.067s] -- Up-to-date: /home/studio3s/ROS2WS/Sick-Nav350-ros2/install/nav350_hardware/share/nav350_hardware/environment/ament_prefix_path.dsv
[11.067s] -- Up-to-date: /home/studio3s/ROS2WS/Sick-Nav350-ros2/install/nav350_hardware/share/nav350_hardware/environment/path.sh
[11.068s] -- Up-to-date: /home/studio3s/ROS2WS/Sick-Nav350-ros2/install/nav350_hardware/share/nav350_hardware/environment/path.dsv
[11.068s] -- Up-to-date: /home/studio3s/ROS2WS/Sick-Nav350-ros2/install/nav350_hardware/share/nav350_hardware/local_setup.bash
[11.068s] -- Up-to-date: /home/studio3s/ROS2WS/Sick-Nav350-ros2/install/nav350_hardware/share/nav350_hardware/local_setup.sh
[11.069s] -- Up-to-date: /home/studio3s/ROS2WS/Sick-Nav350-ros2/install/nav350_hardware/share/nav350_hardware/local_setup.zsh
[11.069s] -- Up-to-date: /home/studio3s/ROS2WS/Sick-Nav350-ros2/install/nav350_hardware/share/nav350_hardware/local_setup.dsv
[11.070s] -- Installing: /home/studio3s/ROS2WS/Sick-Nav350-ros2/install/nav350_hardware/share/nav350_hardware/package.dsv
[11.070s] -- Up-to-date: /home/studio3s/ROS2WS/Sick-Nav350-ros2/install/nav350_hardware/share/ament_index/resource_index/packages/nav350_hardware
[11.073s] -- Up-to-date: /home/studio3s/ROS2WS/Sick-Nav350-ros2/install/nav350_hardware/share/nav350_hardware/cmake/ament_cmake_export_dependencies-extras.cmake
[11.074s] -- Up-to-date: /home/studio3s/ROS2WS/Sick-Nav350-ros2/install/nav350_hardware/share/nav350_hardware/cmake/ament_cmake_export_include_directories-extras.cmake
[11.075s] -- Up-to-date: /home/studio3s/ROS2WS/Sick-Nav350-ros2/install/nav350_hardware/share/nav350_hardware/cmake/nav350_hardwareConfig.cmake
[11.075s] -- Up-to-date: /home/studio3s/ROS2WS/Sick-Nav350-ros2/install/nav350_hardware/share/nav350_hardware/cmake/nav350_hardwareConfig-version.cmake
[11.076s] -- Up-to-date: /home/studio3s/ROS2WS/Sick-Nav350-ros2/install/nav350_hardware/share/nav350_hardware/package.xml
[11.079s] Invoked command in '/home/studio3s/ROS2WS/Sick-Nav350-ros2/build/nav350_hardware' returned '0': CMAKE_PREFIX_PATH=${CMAKE_PREFIX_PATH}:/opt/ros/galactic /usr/bin/cmake --install /home/studio3s/ROS2WS/Sick-Nav350-ros2/build/nav350_hardware
