[0.039s] Invoking command in '/home/studio3s/ROS2WS/Sick-Nav350-ros2/build/nav350_hardware': CMAKE_PREFIX_PATH=/opt/ros/galactic /usr/bin/cmake /home/studio3s/ROS2WS/Sick-Nav350-ros2/src/nav350_Hardware -DCMAKE_INSTALL_PREFIX=/home/studio3s/ROS2WS/Sick-Nav350-ros2/install/nav350_hardware
[0.351s] -- The C compiler identification is GNU 9.4.0
[0.561s] -- The CXX compiler identification is GNU 9.4.0
[0.585s] -- Check for working C compiler: /usr/bin/cc
[0.772s] -- Check for working C compiler: /usr/bin/cc -- works
[1.053s] -- Detecting C compiler ABI info
[1.573s] -- Detecting C compiler ABI info - done
[1.643s] -- Detecting C compile features
[1.687s] -- Detecting C compile features - done
[1.867s] -- Check for working CXX compiler: /usr/bin/c++
[2.091s] -- Check for working CXX compiler: /usr/bin/c++ -- works
[2.094s] -- Detecting CXX compiler ABI info
[2.362s] -- Detecting CXX compiler ABI info - done
[2.397s] -- Detecting CXX compile features
[2.398s] -- Detecting CXX compile features - done
[2.941s] -- Found ament_cmake: 1.1.5 (/opt/ros/galactic/share/ament_cmake/cmake)
[3.094s] -- Found PythonInterp: /usr/bin/python3 (found suitable version "3.8.10", minimum required is "3") 
[3.095s] -- Using PYTHON_EXECUTABLE: /usr/bin/python3
[3.338s] -- Found rclcpp: 9.2.1 (/opt/ros/galactic/share/rclcpp/cmake)
[3.468s] -- Using all available rosidl_typesupport_c: rosidl_typesupport_fastrtps_c;rosidl_typesupport_introspection_c
[3.486s] -- Found rosidl_adapter: 2.2.2 (/opt/ros/galactic/share/rosidl_adapter/cmake)
[3.665s] -- Found OpenSSL: /usr/lib/x86_64-linux-gnu/libcrypto.so (found version "1.1.1f")  
[3.732s] -- Found FastRTPS: /opt/ros/galactic/include  
[3.929s] -- Using all available rosidl_typesupport_cpp: rosidl_typesupport_fastrtps_cpp;rosidl_typesupport_introspection_cpp
[4.125s] -- Found rmw_implementation_cmake: 3.3.1 (/opt/ros/galactic/share/rmw_implementation_cmake/cmake)
[4.134s] -- Found rmw_cyclonedds_cpp: 0.22.5 (/opt/ros/galactic/share/rmw_cyclonedds_cpp/cmake)
[4.193s] -- Using RMW implementation 'rmw_cyclonedds_cpp' as default
[4.196s] -- Looking for pthread.h
[4.353s] -- Looking for pthread.h - found
[4.353s] -- Performing Test CMAKE_HAVE_LIBC_PTHREAD
[4.533s] -- Performing Test CMAKE_HAVE_LIBC_PTHREAD - Failed
[4.533s] -- Looking for pthread_create in pthreads
[4.681s] -- Looking for pthread_create in pthreads - not found
[4.682s] -- Looking for pthread_create in pthread
[4.842s] -- Looking for pthread_create in pthread - found
[4.844s] -- Found Threads: TRUE  
[5.296s] -- Found sensor_msgs: 2.2.4 (/opt/ros/galactic/share/sensor_msgs/cmake)
[5.604s] -- Found nav_msgs: 2.2.4 (/opt/ros/galactic/share/nav_msgs/cmake)
[5.823s] -- Found tf2_ros: 0.17.3 (/opt/ros/galactic/share/tf2_ros/cmake)
[6.706s] -- Found ament_lint_auto: 0.10.7 (/opt/ros/galactic/share/ament_lint_auto/cmake)
[6.910s] -- Added test 'copyright' to check source files copyright and LICENSE
[6.914s] -- Added test 'cppcheck' to perform static code analysis on C / C++ code
[6.914s] -- Configured cppcheck include dirs: /home/studio3s/ROS2WS/Sick-Nav350-ros2/src/nav350_Hardware/include/nav350_Hardware
[6.914s] -- Configured cppcheck exclude dirs and/or files: 
[6.920s] -- Added test 'cpplint' to check C / C++ code against the Google style
[6.921s] -- Configured cpplint exclude dirs and/or files: 
[6.922s] -- Added test 'flake8' to check Python code syntax and style conventions
[6.926s] -- Added test 'lint_cmake' to check CMake code style
[6.928s] -- Added test 'pep257' to check Python code against some of the style conventions in PEP 257
[6.932s] -- Added test 'uncrustify' to check C / C++ code style
[6.932s] -- Configured uncrustify additional arguments: 
[6.933s] -- Added test 'xmllint' to check XML markup files
[6.945s] -- Configuring done
[6.980s] -- Generating done
[6.984s] -- Build files have been written to: /home/studio3s/ROS2WS/Sick-Nav350-ros2/build/nav350_hardware
[7.003s] Invoked command in '/home/studio3s/ROS2WS/Sick-Nav350-ros2/build/nav350_hardware' returned '0': CMAKE_PREFIX_PATH=/opt/ros/galactic /usr/bin/cmake /home/studio3s/ROS2WS/Sick-Nav350-ros2/src/nav350_Hardware -DCMAKE_INSTALL_PREFIX=/home/studio3s/ROS2WS/Sick-Nav350-ros2/install/nav350_hardware
[7.009s] Invoking command in '/home/studio3s/ROS2WS/Sick-Nav350-ros2/build/nav350_hardware': CMAKE_PREFIX_PATH=/opt/ros/galactic /usr/bin/cmake --build /home/studio3s/ROS2WS/Sick-Nav350-ros2/build/nav350_hardware -- -j4 -l4
[7.095s] [35m[1mScanning dependencies of target nav350_hardware_lib[0m
[7.128s] [ 16%] [32mBuilding CXX object CMakeFiles/nav350_hardware_lib.dir/src/drivers/nav350/sicknav350/SickNAV350Message.cc.o[0m
[7.135s] [ 33%] [32mBuilding CXX object CMakeFiles/nav350_hardware_lib.dir/src/drivers/nav350/sicknav350/SickNAV350BufferMonitor.cc.o[0m
[7.137s] [ 50%] [32mBuilding CXX object CMakeFiles/nav350_hardware_lib.dir/src/drivers/nav350/sicknav350/SickNAV350.cc.o[0m
[7.894s] [01m[K/home/studio3s/ROS2WS/Sick-Nav350-ros2/src/nav350_Hardware/src/drivers/nav350/sicknav350/SickNAV350Message.cc:[m[K In member function ‘[01m[Kvirtual void SickToolbox::SickNav350Message::ParseMessage(const uint8_t*)[m[K’:
[7.894s] [01m[K/home/studio3s/ROS2WS/Sick-Nav350-ros2/src/nav350_Hardware/src/drivers/nav350/sicknav350/SickNAV350Message.cc:114:63:[m[K [01;35m[Kwarning: [m[Kunused parameter ‘[01m[Kmessage_buffer[m[K’ [[01;35m[K-Wunused-parameter[m[K]
[7.894s]   114 |   void SickNav350Message::ParseMessage( [01;35m[Kconst uint8_t * const message_buffer[m[K )
[7.894s]       |                                         [01;35m[K~~~~~~~~~~~~~~~~~~~~~~^~~~~~~~~~~~~~[m[K
[8.798s] [ 66%] [32m[1mLinking CXX static library libnav350_hardware_lib.a[0m
[8.865s] [ 66%] Built target nav350_hardware_lib
[8.894s] [35m[1mScanning dependencies of target nav350_Hardware[0m
[9.022s] [ 83%] [32mBuilding CXX object CMakeFiles/nav350_Hardware.dir/src/nav350_Hardware.cpp.o[0m
[21.489s] [100%] [32m[1mLinking CXX executable nav350_Hardware[0m
[22.256s] [100%] Built target nav350_Hardware
[22.277s] Invoked command in '/home/studio3s/ROS2WS/Sick-Nav350-ros2/build/nav350_hardware' returned '0': CMAKE_PREFIX_PATH=/opt/ros/galactic /usr/bin/cmake --build /home/studio3s/ROS2WS/Sick-Nav350-ros2/build/nav350_hardware -- -j4 -l4
[22.367s] Invoking command in '/home/studio3s/ROS2WS/Sick-Nav350-ros2/build/nav350_hardware': CMAKE_PREFIX_PATH=/opt/ros/galactic /usr/bin/cmake --install /home/studio3s/ROS2WS/Sick-Nav350-ros2/build/nav350_hardware
[22.387s] -- Install configuration: ""
[22.387s] -- Installing: /home/studio3s/ROS2WS/Sick-Nav350-ros2/install/nav350_hardware/share/nav350_hardware/src
[22.388s] -- Installing: /home/studio3s/ROS2WS/Sick-Nav350-ros2/install/nav350_hardware/share/nav350_hardware/src/drivers
[22.388s] -- Installing: /home/studio3s/ROS2WS/Sick-Nav350-ros2/install/nav350_hardware/share/nav350_hardware/src/drivers/nav350
[22.388s] -- Installing: /home/studio3s/ROS2WS/Sick-Nav350-ros2/install/nav350_hardware/share/nav350_hardware/src/drivers/nav350/sicknav350
[22.388s] -- Installing: /home/studio3s/ROS2WS/Sick-Nav350-ros2/install/nav350_hardware/share/nav350_hardware/src/drivers/nav350/sicknav350/SickNAV350BufferMonitor.cc
[22.388s] -- Installing: /home/studio3s/ROS2WS/Sick-Nav350-ros2/install/nav350_hardware/share/nav350_hardware/src/drivers/nav350/sicknav350/SickNAV350.cc
[22.389s] -- Installing: /home/studio3s/ROS2WS/Sick-Nav350-ros2/install/nav350_hardware/share/nav350_hardware/src/drivers/nav350/sicknav350/SickNAV350Message.cc
[22.389s] -- Installing: /home/studio3s/ROS2WS/Sick-Nav350-ros2/install/nav350_hardware/share/nav350_hardware/src/nav350_Hardware.cpp
[22.389s] -- Installing: /home/studio3s/ROS2WS/Sick-Nav350-ros2/install/nav350_hardware/share/nav350_hardware/launch
[22.389s] -- Installing: /home/studio3s/ROS2WS/Sick-Nav350-ros2/install/nav350_hardware/share/nav350_hardware/launch/sicknav350.launch.xml
[22.389s] -- Installing: /home/studio3s/ROS2WS/Sick-Nav350-ros2/install/nav350_hardware/share/nav350_hardware/launch/nav350.launch.xml
[22.390s] -- Installing: /home/studio3s/ROS2WS/Sick-Nav350-ros2/install/nav350_hardware/share/nav350_hardware/launch/sicknav350.launch.py
[22.390s] -- Installing: /home/studio3s/ROS2WS/Sick-Nav350-ros2/install/nav350_hardware/share/nav350_hardware/drivers
[22.391s] -- Installing: /home/studio3s/ROS2WS/Sick-Nav350-ros2/install/nav350_hardware/share/nav350_hardware/drivers/nav350
[22.391s] -- Installing: /home/studio3s/ROS2WS/Sick-Nav350-ros2/install/nav350_hardware/share/nav350_hardware/drivers/nav350/sicknav350
[22.391s] -- Installing: /home/studio3s/ROS2WS/Sick-Nav350-ros2/install/nav350_hardware/share/nav350_hardware/drivers/nav350/sicknav350/SickNAV350BufferMonitor.cc
[22.391s] -- Installing: /home/studio3s/ROS2WS/Sick-Nav350-ros2/install/nav350_hardware/share/nav350_hardware/drivers/nav350/sicknav350/SickNAV350.cc
[22.391s] -- Installing: /home/studio3s/ROS2WS/Sick-Nav350-ros2/install/nav350_hardware/share/nav350_hardware/drivers/nav350/sicknav350/SickNAV350Message.cc
[22.394s] -- Installing: /home/studio3s/ROS2WS/Sick-Nav350-ros2/install/nav350_hardware/lib/nav350_hardware/nav350_Hardware
[22.397s] -- Set runtime path of "/home/studio3s/ROS2WS/Sick-Nav350-ros2/install/nav350_hardware/lib/nav350_hardware/nav350_Hardware" to ""
[22.397s] -- Installing: /home/studio3s/ROS2WS/Sick-Nav350-ros2/install/nav350_hardware/share/ament_index/resource_index/package_run_dependencies/nav350_hardware
[22.397s] -- Installing: /home/studio3s/ROS2WS/Sick-Nav350-ros2/install/nav350_hardware/share/ament_index/resource_index/parent_prefix_path/nav350_hardware
[22.399s] -- Installing: /home/studio3s/ROS2WS/Sick-Nav350-ros2/install/nav350_hardware/share/nav350_hardware/environment/ament_prefix_path.sh
[22.399s] -- Installing: /home/studio3s/ROS2WS/Sick-Nav350-ros2/install/nav350_hardware/share/nav350_hardware/environment/ament_prefix_path.dsv
[22.399s] -- Installing: /home/studio3s/ROS2WS/Sick-Nav350-ros2/install/nav350_hardware/share/nav350_hardware/environment/path.sh
[22.400s] -- Installing: /home/studio3s/ROS2WS/Sick-Nav350-ros2/install/nav350_hardware/share/nav350_hardware/environment/path.dsv
[22.400s] -- Installing: /home/studio3s/ROS2WS/Sick-Nav350-ros2/install/nav350_hardware/share/nav350_hardware/local_setup.bash
[22.400s] -- Installing: /home/studio3s/ROS2WS/Sick-Nav350-ros2/install/nav350_hardware/share/nav350_hardware/local_setup.sh
[22.401s] -- Installing: /home/studio3s/ROS2WS/Sick-Nav350-ros2/install/nav350_hardware/share/nav350_hardware/local_setup.zsh
[22.401s] -- Installing: /home/studio3s/ROS2WS/Sick-Nav350-ros2/install/nav350_hardware/share/nav350_hardware/local_setup.dsv
[22.401s] -- Installing: /home/studio3s/ROS2WS/Sick-Nav350-ros2/install/nav350_hardware/share/nav350_hardware/package.dsv
[22.401s] -- Installing: /home/studio3s/ROS2WS/Sick-Nav350-ros2/install/nav350_hardware/share/ament_index/resource_index/packages/nav350_hardware
[22.402s] -- Installing: /home/studio3s/ROS2WS/Sick-Nav350-ros2/install/nav350_hardware/share/nav350_hardware/cmake/ament_cmake_export_dependencies-extras.cmake
[22.402s] -- Installing: /home/studio3s/ROS2WS/Sick-Nav350-ros2/install/nav350_hardware/share/nav350_hardware/cmake/ament_cmake_export_include_directories-extras.cmake
[22.402s] -- Installing: /home/studio3s/ROS2WS/Sick-Nav350-ros2/install/nav350_hardware/share/nav350_hardware/cmake/nav350_hardwareConfig.cmake
[22.402s] -- Installing: /home/studio3s/ROS2WS/Sick-Nav350-ros2/install/nav350_hardware/share/nav350_hardware/cmake/nav350_hardwareConfig-version.cmake
[22.403s] -- Installing: /home/studio3s/ROS2WS/Sick-Nav350-ros2/install/nav350_hardware/share/nav350_hardware/package.xml
[22.406s] Invoked command in '/home/studio3s/ROS2WS/Sick-Nav350-ros2/build/nav350_hardware' returned '0': CMAKE_PREFIX_PATH=/opt/ros/galactic /usr/bin/cmake --install /home/studio3s/ROS2WS/Sick-Nav350-ros2/build/nav350_hardware
