[0.474s] DEBUG:colcon:Command line arguments: ['/usr/bin/colcon', 'build']
[0.474s] DEBUG:colcon:Parsed command line arguments: Namespace(allow_overriding=[], ament_cmake_args=None, base_paths=['.'], build_base='build', catkin_cmake_args=None, catkin_skip_building_tests=False, cmake_args=None, cmake_clean_cache=False, cmake_clean_first=False, cmake_force_configure=False, cmake_target=None, cmake_target_skip_unavailable=False, continue_on_error=False, event_handlers=None, executor='parallel', ignore_user_meta=False, install_base='install', log_base=None, log_level=None, main=<bound method BuildVerb.main of <colcon_core.verb.build.BuildVerb object at 0x7f8976d74a30>>, merge_install=False, metas=['./colcon.meta'], packages_above=None, packages_above_and_dependencies=None, packages_above_depth=None, packages_end=None, packages_ignore=None, packages_ignore_regex=None, packages_select=None, packages_select_build_failed=False, packages_select_by_dep=None, packages_select_regex=None, packages_select_test_failures=False, packages_skip=None, packages_skip_build_finished=False, packages_skip_by_dep=None, packages_skip_regex=None, packages_skip_test_passed=False, packages_skip_up_to=None, packages_start=None, packages_up_to=None, packages_up_to_regex=None, parallel_workers=4, paths=None, symlink_install=False, test_result_base=None, verb_extension=<colcon_core.verb.build.BuildVerb object at 0x7f8976d74a30>, verb_name='build', verb_parser=<colcon_defaults.argument_parser.defaults.DefaultArgumentsDecorator object at 0x7f8976d74fa0>)
[0.574s] Level 1:colcon.colcon_core.package_discovery:discover_packages(colcon_meta) check parameters
[0.575s] Level 1:colcon.colcon_core.package_discovery:discover_packages(recursive) check parameters
[0.575s] Level 1:colcon.colcon_core.package_discovery:discover_packages(ignore) check parameters
[0.575s] Level 1:colcon.colcon_core.package_discovery:discover_packages(path) check parameters
[0.575s] Level 1:colcon.colcon_core.package_discovery:discover_packages(colcon_meta) discover
[0.575s] Level 1:colcon.colcon_core.package_discovery:discover_packages(recursive) discover
[0.575s] INFO:colcon.colcon_core.package_discovery:Crawling recursively for packages in '/home/studio3s/ROS2WS/Sick-Nav350-ros2'
[0.575s] Level 1:colcon.colcon_core.package_identification:_identify(.) by extensions ['ignore', 'ignore_ament_install']
[0.575s] Level 1:colcon.colcon_core.package_identification:_identify(.) by extension 'ignore'
[0.576s] Level 1:colcon.colcon_core.package_identification:_identify(.) by extension 'ignore_ament_install'
[0.576s] Level 1:colcon.colcon_core.package_identification:_identify(.) by extensions ['colcon_pkg']
[0.576s] Level 1:colcon.colcon_core.package_identification:_identify(.) by extension 'colcon_pkg'
[0.576s] Level 1:colcon.colcon_core.package_identification:_identify(.) by extensions ['colcon_meta']
[0.576s] Level 1:colcon.colcon_core.package_identification:_identify(.) by extension 'colcon_meta'
[0.576s] Level 1:colcon.colcon_core.package_identification:_identify(.) by extensions ['ros']
[0.576s] Level 1:colcon.colcon_core.package_identification:_identify(.) by extension 'ros'
[0.602s] Level 1:colcon.colcon_core.package_identification:_identify(.) by extensions ['cmake', 'python']
[0.602s] Level 1:colcon.colcon_core.package_identification:_identify(.) by extension 'cmake'
[0.602s] Level 1:colcon.colcon_core.package_identification:_identify(.) by extension 'python'
[0.603s] Level 1:colcon.colcon_core.package_identification:_identify(.) by extensions ['python_setup_py']
[0.603s] Level 1:colcon.colcon_core.package_identification:_identify(.) by extension 'python_setup_py'
[0.603s] Level 1:colcon.colcon_core.package_identification:_identify(build) by extensions ['ignore', 'ignore_ament_install']
[0.603s] Level 1:colcon.colcon_core.package_identification:_identify(build) by extension 'ignore'
[0.603s] Level 1:colcon.colcon_core.package_identification:_identify(build) ignored
[0.604s] Level 1:colcon.colcon_core.package_identification:_identify(install) by extensions ['ignore', 'ignore_ament_install']
[0.604s] Level 1:colcon.colcon_core.package_identification:_identify(install) by extension 'ignore'
[0.604s] Level 1:colcon.colcon_core.package_identification:_identify(install) ignored
[0.604s] Level 1:colcon.colcon_core.package_identification:_identify(log) by extensions ['ignore', 'ignore_ament_install']
[0.605s] Level 1:colcon.colcon_core.package_identification:_identify(log) by extension 'ignore'
[0.605s] Level 1:colcon.colcon_core.package_identification:_identify(log) ignored
[0.605s] Level 1:colcon.colcon_core.package_identification:_identify(src) by extensions ['ignore', 'ignore_ament_install']
[0.605s] Level 1:colcon.colcon_core.package_identification:_identify(src) by extension 'ignore'
[0.605s] Level 1:colcon.colcon_core.package_identification:_identify(src) by extension 'ignore_ament_install'
[0.605s] Level 1:colcon.colcon_core.package_identification:_identify(src) by extensions ['colcon_pkg']
[0.606s] Level 1:colcon.colcon_core.package_identification:_identify(src) by extension 'colcon_pkg'
[0.606s] Level 1:colcon.colcon_core.package_identification:_identify(src) by extensions ['colcon_meta']
[0.606s] Level 1:colcon.colcon_core.package_identification:_identify(src) by extension 'colcon_meta'
[0.606s] Level 1:colcon.colcon_core.package_identification:_identify(src) by extensions ['ros']
[0.606s] Level 1:colcon.colcon_core.package_identification:_identify(src) by extension 'ros'
[0.606s] Level 1:colcon.colcon_core.package_identification:_identify(src) by extensions ['cmake', 'python']
[0.606s] Level 1:colcon.colcon_core.package_identification:_identify(src) by extension 'cmake'
[0.606s] Level 1:colcon.colcon_core.package_identification:_identify(src) by extension 'python'
[0.606s] Level 1:colcon.colcon_core.package_identification:_identify(src) by extensions ['python_setup_py']
[0.606s] Level 1:colcon.colcon_core.package_identification:_identify(src) by extension 'python_setup_py'
[0.607s] Level 1:colcon.colcon_core.package_identification:_identify(src/nav350_Hardware) by extensions ['ignore', 'ignore_ament_install']
[0.607s] Level 1:colcon.colcon_core.package_identification:_identify(src/nav350_Hardware) by extension 'ignore'
[0.607s] Level 1:colcon.colcon_core.package_identification:_identify(src/nav350_Hardware) by extension 'ignore_ament_install'
[0.607s] Level 1:colcon.colcon_core.package_identification:_identify(src/nav350_Hardware) by extensions ['colcon_pkg']
[0.607s] Level 1:colcon.colcon_core.package_identification:_identify(src/nav350_Hardware) by extension 'colcon_pkg'
[0.607s] Level 1:colcon.colcon_core.package_identification:_identify(src/nav350_Hardware) by extensions ['colcon_meta']
[0.608s] Level 1:colcon.colcon_core.package_identification:_identify(src/nav350_Hardware) by extension 'colcon_meta'
[0.608s] Level 1:colcon.colcon_core.package_identification:_identify(src/nav350_Hardware) by extensions ['ros']
[0.608s] Level 1:colcon.colcon_core.package_identification:_identify(src/nav350_Hardware) by extension 'ros'
[0.616s] DEBUG:colcon.colcon_core.package_identification:Package 'src/nav350_Hardware' with type 'ros.ament_cmake' and name 'nav350_hardware'
[0.616s] Level 1:colcon.colcon_core.package_discovery:discover_packages(recursive) using defaults
[0.616s] Level 1:colcon.colcon_core.package_discovery:discover_packages(ignore) discover
[0.616s] Level 1:colcon.colcon_core.package_discovery:discover_packages(ignore) using defaults
[0.616s] Level 1:colcon.colcon_core.package_discovery:discover_packages(path) discover
[0.616s] Level 1:colcon.colcon_core.package_discovery:discover_packages(path) using defaults
[0.670s] Level 1:colcon.colcon_core.package_discovery:discover_packages(prefix_path) check parameters
[0.670s] Level 1:colcon.colcon_core.package_discovery:discover_packages(prefix_path) discover
[0.680s] DEBUG:colcon.colcon_installed_package_information.package_discovery:Found 351 installed packages in /opt/ros/galactic
[0.687s] Level 1:colcon.colcon_core.package_discovery:discover_packages(prefix_path) using defaults
[0.942s] Level 5:colcon.colcon_core.verb:set package 'nav350_hardware' build argument 'cmake_args' from command line to 'None'
[0.942s] Level 5:colcon.colcon_core.verb:set package 'nav350_hardware' build argument 'cmake_target' from command line to 'None'
[0.942s] Level 5:colcon.colcon_core.verb:set package 'nav350_hardware' build argument 'cmake_target_skip_unavailable' from command line to 'False'
[0.942s] Level 5:colcon.colcon_core.verb:set package 'nav350_hardware' build argument 'cmake_clean_cache' from command line to 'False'
[0.943s] Level 5:colcon.colcon_core.verb:set package 'nav350_hardware' build argument 'cmake_clean_first' from command line to 'False'
[0.943s] Level 5:colcon.colcon_core.verb:set package 'nav350_hardware' build argument 'cmake_force_configure' from command line to 'False'
[0.943s] Level 5:colcon.colcon_core.verb:set package 'nav350_hardware' build argument 'ament_cmake_args' from command line to 'None'
[0.943s] Level 5:colcon.colcon_core.verb:set package 'nav350_hardware' build argument 'catkin_cmake_args' from command line to 'None'
[0.943s] Level 5:colcon.colcon_core.verb:set package 'nav350_hardware' build argument 'catkin_skip_building_tests' from command line to 'False'
[0.943s] DEBUG:colcon.colcon_core.verb:Building package 'nav350_hardware' with the following arguments: {'ament_cmake_args': None, 'build_base': '/home/studio3s/ROS2WS/Sick-Nav350-ros2/build/nav350_hardware', 'catkin_cmake_args': None, 'catkin_skip_building_tests': False, 'cmake_args': None, 'cmake_clean_cache': False, 'cmake_clean_first': False, 'cmake_force_configure': False, 'cmake_target': None, 'cmake_target_skip_unavailable': False, 'install_base': '/home/studio3s/ROS2WS/Sick-Nav350-ros2/install/nav350_hardware', 'merge_install': False, 'path': '/home/studio3s/ROS2WS/Sick-Nav350-ros2/src/nav350_Hardware', 'symlink_install': False, 'test_result_base': None}
[0.943s] INFO:colcon.colcon_core.executor:Executing jobs using 'parallel' executor
[0.947s] DEBUG:colcon.colcon_parallel_executor.executor.parallel:run_until_complete
[0.948s] INFO:colcon.colcon_ros.task.ament_cmake.build:Building ROS package in '/home/studio3s/ROS2WS/Sick-Nav350-ros2/src/nav350_Hardware' with build type 'ament_cmake'
[0.948s] INFO:colcon.colcon_cmake.task.cmake.build:Building CMake package in '/home/studio3s/ROS2WS/Sick-Nav350-ros2/src/nav350_Hardware'
[0.969s] INFO:colcon.colcon_core.plugin_system:Skipping extension 'colcon_core.shell.bat': Not used on non-Windows systems
[0.969s] INFO:colcon.colcon_core.shell:Skip shell extension 'powershell' for command environment: Not usable outside of PowerShell
[0.969s] DEBUG:colcon.colcon_core.shell:Skip shell extension 'dsv' for command environment
[0.988s] DEBUG:colcon.colcon_core.event_handler.log_command:Invoking command in '/home/studio3s/ROS2WS/Sick-Nav350-ros2/build/nav350_hardware': CMAKE_PREFIX_PATH=/opt/ros/galactic /usr/bin/cmake /home/studio3s/ROS2WS/Sick-Nav350-ros2/src/nav350_Hardware -DCMAKE_INSTALL_PREFIX=/home/studio3s/ROS2WS/Sick-Nav350-ros2/install/nav350_hardware
[7.952s] DEBUG:colcon.colcon_core.event_handler.log_command:Invoked command in '/home/studio3s/ROS2WS/Sick-Nav350-ros2/build/nav350_hardware' returned '0': CMAKE_PREFIX_PATH=/opt/ros/galactic /usr/bin/cmake /home/studio3s/ROS2WS/Sick-Nav350-ros2/src/nav350_Hardware -DCMAKE_INSTALL_PREFIX=/home/studio3s/ROS2WS/Sick-Nav350-ros2/install/nav350_hardware
[7.958s] DEBUG:colcon.colcon_core.event_handler.log_command:Invoking command in '/home/studio3s/ROS2WS/Sick-Nav350-ros2/build/nav350_hardware': CMAKE_PREFIX_PATH=/opt/ros/galactic /usr/bin/cmake --build /home/studio3s/ROS2WS/Sick-Nav350-ros2/build/nav350_hardware -- -j4 -l4
[23.226s] DEBUG:colcon.colcon_core.event_handler.log_command:Invoked command in '/home/studio3s/ROS2WS/Sick-Nav350-ros2/build/nav350_hardware' returned '0': CMAKE_PREFIX_PATH=/opt/ros/galactic /usr/bin/cmake --build /home/studio3s/ROS2WS/Sick-Nav350-ros2/build/nav350_hardware -- -j4 -l4
[23.316s] DEBUG:colcon.colcon_core.event_handler.log_command:Invoking command in '/home/studio3s/ROS2WS/Sick-Nav350-ros2/build/nav350_hardware': CMAKE_PREFIX_PATH=/opt/ros/galactic /usr/bin/cmake --install /home/studio3s/ROS2WS/Sick-Nav350-ros2/build/nav350_hardware
[23.354s] Level 1:colcon.colcon_core.environment:create_environment_scripts_only(nav350_hardware)
[23.355s] DEBUG:colcon.colcon_core.event_handler.log_command:Invoked command in '/home/studio3s/ROS2WS/Sick-Nav350-ros2/build/nav350_hardware' returned '0': CMAKE_PREFIX_PATH=/opt/ros/galactic /usr/bin/cmake --install /home/studio3s/ROS2WS/Sick-Nav350-ros2/build/nav350_hardware
[23.375s] Level 1:colcon.colcon_core.environment:checking '/home/studio3s/ROS2WS/Sick-Nav350-ros2/install/nav350_hardware' for CMake module files
[23.376s] Level 1:colcon.colcon_core.environment:checking '/home/studio3s/ROS2WS/Sick-Nav350-ros2/install/nav350_hardware' for CMake config files
[23.377s] Level 1:colcon.colcon_core.shell:create_environment_hook('nav350_hardware', 'cmake_prefix_path')
[23.378s] INFO:colcon.colcon_core.shell:Creating environment hook '/home/studio3s/ROS2WS/Sick-Nav350-ros2/install/nav350_hardware/share/nav350_hardware/hook/cmake_prefix_path.ps1'
[23.380s] INFO:colcon.colcon_core.shell:Creating environment descriptor '/home/studio3s/ROS2WS/Sick-Nav350-ros2/install/nav350_hardware/share/nav350_hardware/hook/cmake_prefix_path.dsv'
[23.381s] INFO:colcon.colcon_core.shell:Creating environment hook '/home/studio3s/ROS2WS/Sick-Nav350-ros2/install/nav350_hardware/share/nav350_hardware/hook/cmake_prefix_path.sh'
[23.384s] Level 1:colcon.colcon_core.environment:checking '/home/studio3s/ROS2WS/Sick-Nav350-ros2/install/nav350_hardware/lib'
[23.385s] Level 1:colcon.colcon_core.environment:checking '/home/studio3s/ROS2WS/Sick-Nav350-ros2/install/nav350_hardware/bin'
[23.385s] Level 1:colcon.colcon_core.environment:checking '/home/studio3s/ROS2WS/Sick-Nav350-ros2/install/nav350_hardware/lib/pkgconfig/nav350_hardware.pc'
[23.386s] Level 1:colcon.colcon_core.environment:checking '/home/studio3s/ROS2WS/Sick-Nav350-ros2/install/nav350_hardware/lib/python3.8/site-packages'
[23.387s] Level 1:colcon.colcon_core.environment:checking '/home/studio3s/ROS2WS/Sick-Nav350-ros2/install/nav350_hardware/bin'
[23.388s] INFO:colcon.colcon_core.shell:Creating package script '/home/studio3s/ROS2WS/Sick-Nav350-ros2/install/nav350_hardware/share/nav350_hardware/package.ps1'
[23.390s] INFO:colcon.colcon_core.shell:Creating package descriptor '/home/studio3s/ROS2WS/Sick-Nav350-ros2/install/nav350_hardware/share/nav350_hardware/package.dsv'
[23.392s] INFO:colcon.colcon_core.shell:Creating package script '/home/studio3s/ROS2WS/Sick-Nav350-ros2/install/nav350_hardware/share/nav350_hardware/package.sh'
[23.394s] INFO:colcon.colcon_core.shell:Creating package script '/home/studio3s/ROS2WS/Sick-Nav350-ros2/install/nav350_hardware/share/nav350_hardware/package.bash'
[23.402s] INFO:colcon.colcon_core.shell:Creating package script '/home/studio3s/ROS2WS/Sick-Nav350-ros2/install/nav350_hardware/share/nav350_hardware/package.zsh'
[23.404s] Level 1:colcon.colcon_core.environment:create_file_with_runtime_dependencies(/home/studio3s/ROS2WS/Sick-Nav350-ros2/install/nav350_hardware/share/colcon-core/packages/nav350_hardware)
[23.484s] Level 1:colcon.colcon_core.environment:create_environment_scripts_only(nav350_hardware)
[23.486s] Level 1:colcon.colcon_core.environment:checking '/home/studio3s/ROS2WS/Sick-Nav350-ros2/install/nav350_hardware' for CMake module files
[23.488s] Level 1:colcon.colcon_core.environment:checking '/home/studio3s/ROS2WS/Sick-Nav350-ros2/install/nav350_hardware' for CMake config files
[23.491s] Level 1:colcon.colcon_core.shell:create_environment_hook('nav350_hardware', 'cmake_prefix_path')
[23.493s] INFO:colcon.colcon_core.shell:Creating environment hook '/home/studio3s/ROS2WS/Sick-Nav350-ros2/install/nav350_hardware/share/nav350_hardware/hook/cmake_prefix_path.ps1'
[23.494s] INFO:colcon.colcon_core.shell:Creating environment descriptor '/home/studio3s/ROS2WS/Sick-Nav350-ros2/install/nav350_hardware/share/nav350_hardware/hook/cmake_prefix_path.dsv'
[23.495s] INFO:colcon.colcon_core.shell:Creating environment hook '/home/studio3s/ROS2WS/Sick-Nav350-ros2/install/nav350_hardware/share/nav350_hardware/hook/cmake_prefix_path.sh'
[23.496s] Level 1:colcon.colcon_core.environment:checking '/home/studio3s/ROS2WS/Sick-Nav350-ros2/install/nav350_hardware/lib'
[23.496s] Level 1:colcon.colcon_core.environment:checking '/home/studio3s/ROS2WS/Sick-Nav350-ros2/install/nav350_hardware/bin'
[23.496s] Level 1:colcon.colcon_core.environment:checking '/home/studio3s/ROS2WS/Sick-Nav350-ros2/install/nav350_hardware/lib/pkgconfig/nav350_hardware.pc'
[23.496s] Level 1:colcon.colcon_core.environment:checking '/home/studio3s/ROS2WS/Sick-Nav350-ros2/install/nav350_hardware/lib/python3.8/site-packages'
[23.497s] Level 1:colcon.colcon_core.environment:checking '/home/studio3s/ROS2WS/Sick-Nav350-ros2/install/nav350_hardware/bin'
[23.498s] INFO:colcon.colcon_core.shell:Creating package script '/home/studio3s/ROS2WS/Sick-Nav350-ros2/install/nav350_hardware/share/nav350_hardware/package.ps1'
[23.499s] INFO:colcon.colcon_core.shell:Creating package descriptor '/home/studio3s/ROS2WS/Sick-Nav350-ros2/install/nav350_hardware/share/nav350_hardware/package.dsv'
[23.500s] INFO:colcon.colcon_core.shell:Creating package script '/home/studio3s/ROS2WS/Sick-Nav350-ros2/install/nav350_hardware/share/nav350_hardware/package.sh'
[23.502s] INFO:colcon.colcon_core.shell:Creating package script '/home/studio3s/ROS2WS/Sick-Nav350-ros2/install/nav350_hardware/share/nav350_hardware/package.bash'
[23.504s] INFO:colcon.colcon_core.shell:Creating package script '/home/studio3s/ROS2WS/Sick-Nav350-ros2/install/nav350_hardware/share/nav350_hardware/package.zsh'
[23.505s] Level 1:colcon.colcon_core.environment:create_file_with_runtime_dependencies(/home/studio3s/ROS2WS/Sick-Nav350-ros2/install/nav350_hardware/share/colcon-core/packages/nav350_hardware)
[23.505s] DEBUG:colcon.colcon_parallel_executor.executor.parallel:closing loop
[23.506s] DEBUG:colcon.colcon_parallel_executor.executor.parallel:loop closed
[23.507s] DEBUG:colcon.colcon_parallel_executor.executor.parallel:run_until_complete finished with '0'
[23.507s] DEBUG:colcon.colcon_core.event_reactor:joining thread
[23.521s] INFO:colcon.colcon_core.plugin_system:Skipping extension 'colcon_notification.desktop_notification.terminal_notifier': Not used on non-Darwin systems
[23.521s] INFO:colcon.colcon_core.plugin_system:Skipping extension 'colcon_notification.desktop_notification.win32': Not used on non-Windows systems
[23.525s] INFO:colcon.colcon_notification.desktop_notification:Sending desktop notification using 'notify2'
[23.560s] DEBUG:colcon.colcon_core.event_reactor:joined thread
[23.561s] INFO:colcon.colcon_core.shell:Creating prefix script '/home/studio3s/ROS2WS/Sick-Nav350-ros2/install/local_setup.ps1'
[23.564s] INFO:colcon.colcon_core.shell:Creating prefix util module '/home/studio3s/ROS2WS/Sick-Nav350-ros2/install/_local_setup_util_ps1.py'
[23.567s] INFO:colcon.colcon_core.shell:Creating prefix chain script '/home/studio3s/ROS2WS/Sick-Nav350-ros2/install/setup.ps1'
[23.569s] INFO:colcon.colcon_core.shell:Creating prefix script '/home/studio3s/ROS2WS/Sick-Nav350-ros2/install/local_setup.sh'
[23.571s] INFO:colcon.colcon_core.shell:Creating prefix util module '/home/studio3s/ROS2WS/Sick-Nav350-ros2/install/_local_setup_util_sh.py'
[23.572s] INFO:colcon.colcon_core.shell:Creating prefix chain script '/home/studio3s/ROS2WS/Sick-Nav350-ros2/install/setup.sh'
[23.576s] INFO:colcon.colcon_core.shell:Creating prefix script '/home/studio3s/ROS2WS/Sick-Nav350-ros2/install/local_setup.bash'
[23.578s] INFO:colcon.colcon_core.shell:Creating prefix chain script '/home/studio3s/ROS2WS/Sick-Nav350-ros2/install/setup.bash'
[23.580s] INFO:colcon.colcon_core.shell:Creating prefix script '/home/studio3s/ROS2WS/Sick-Nav350-ros2/install/local_setup.zsh'
[23.581s] INFO:colcon.colcon_core.shell:Creating prefix chain script '/home/studio3s/ROS2WS/Sick-Nav350-ros2/install/setup.zsh'
